mode: set
github.com/mishasvintus/avito_backend_internship/internal/domain/pull_request.go:20.46,22.23 2 1
github.com/mishasvintus/avito_backend_internship/internal/domain/pull_request.go:22.23,24.3 1 1
github.com/mishasvintus/avito_backend_internship/internal/domain/pull_request.go:25.2,25.20 1 1
github.com/mishasvintus/avito_backend_internship/internal/domain/pull_request.go:29.34,31.2 1 1
github.com/mishasvintus/avito_backend_internship/internal/domain/pull_request.go:34.42,35.18 1 1
github.com/mishasvintus/avito_backend_internship/internal/domain/pull_request.go:35.18,37.3 1 1
github.com/mishasvintus/avito_backend_internship/internal/domain/pull_request.go:39.2,40.27 2 1
github.com/mishasvintus/avito_backend_internship/internal/domain/pull_request.go:41.14,42.10 1 1
github.com/mishasvintus/avito_backend_internship/internal/domain/pull_request.go:43.14,44.18 1 1
github.com/mishasvintus/avito_backend_internship/internal/domain/pull_request.go:45.10,46.59 1 1
github.com/mishasvintus/avito_backend_internship/internal/domain/pull_request.go:49.2,50.16 2 1
github.com/mishasvintus/avito_backend_internship/internal/domain/pull_request.go:50.16,52.3 1 1
github.com/mishasvintus/avito_backend_internship/internal/domain/pull_request.go:53.2,54.12 2 1
github.com/mishasvintus/avito_backend_internship/internal/domain/pull_request.go:58.49,59.18 1 1
github.com/mishasvintus/avito_backend_internship/internal/domain/pull_request.go:59.18,61.3 1 1
github.com/mishasvintus/avito_backend_internship/internal/domain/pull_request.go:62.2,62.23 1 1
github.com/mishasvintus/avito_backend_internship/internal/handler/pr_handler.go:20.60,22.2 1 1
github.com/mishasvintus/avito_backend_internship/internal/handler/pr_handler.go:25.46,28.47 2 1
github.com/mishasvintus/avito_backend_internship/internal/handler/pr_handler.go:28.47,31.3 2 1
github.com/mishasvintus/avito_backend_internship/internal/handler/pr_handler.go:33.2,34.16 2 1
github.com/mishasvintus/avito_backend_internship/internal/handler/pr_handler.go:34.16,35.42 1 1
github.com/mishasvintus/avito_backend_internship/internal/handler/pr_handler.go:35.42,38.4 2 1
github.com/mishasvintus/avito_backend_internship/internal/handler/pr_handler.go:39.3,39.50 1 1
github.com/mishasvintus/avito_backend_internship/internal/handler/pr_handler.go:39.50,42.4 2 1
github.com/mishasvintus/avito_backend_internship/internal/handler/pr_handler.go:43.3,43.50 1 1
github.com/mishasvintus/avito_backend_internship/internal/handler/pr_handler.go:43.50,46.4 2 1
github.com/mishasvintus/avito_backend_internship/internal/handler/pr_handler.go:47.3,48.9 2 1
github.com/mishasvintus/avito_backend_internship/internal/handler/pr_handler.go:51.2,53.4 1 1
github.com/mishasvintus/avito_backend_internship/internal/handler/pr_handler.go:57.45,60.47 2 1
github.com/mishasvintus/avito_backend_internship/internal/handler/pr_handler.go:60.47,63.3 2 1
github.com/mishasvintus/avito_backend_internship/internal/handler/pr_handler.go:65.2,66.16 2 1
github.com/mishasvintus/avito_backend_internship/internal/handler/pr_handler.go:66.16,67.44 1 1
github.com/mishasvintus/avito_backend_internship/internal/handler/pr_handler.go:67.44,70.4 2 1
github.com/mishasvintus/avito_backend_internship/internal/handler/pr_handler.go:71.3,72.9 2 1
github.com/mishasvintus/avito_backend_internship/internal/handler/pr_handler.go:75.2,77.4 1 1
github.com/mishasvintus/avito_backend_internship/internal/handler/pr_handler.go:81.48,84.47 2 1
github.com/mishasvintus/avito_backend_internship/internal/handler/pr_handler.go:84.47,87.3 2 1
github.com/mishasvintus/avito_backend_internship/internal/handler/pr_handler.go:89.2,90.16 2 1
github.com/mishasvintus/avito_backend_internship/internal/handler/pr_handler.go:90.16,91.91 1 1
github.com/mishasvintus/avito_backend_internship/internal/handler/pr_handler.go:91.91,94.4 2 1
github.com/mishasvintus/avito_backend_internship/internal/handler/pr_handler.go:95.3,95.42 1 1
github.com/mishasvintus/avito_backend_internship/internal/handler/pr_handler.go:95.42,98.4 2 1
github.com/mishasvintus/avito_backend_internship/internal/handler/pr_handler.go:99.3,99.53 1 1
github.com/mishasvintus/avito_backend_internship/internal/handler/pr_handler.go:99.53,102.4 2 1
github.com/mishasvintus/avito_backend_internship/internal/handler/pr_handler.go:103.3,103.45 1 1
github.com/mishasvintus/avito_backend_internship/internal/handler/pr_handler.go:103.45,106.4 2 1
github.com/mishasvintus/avito_backend_internship/internal/handler/pr_handler.go:107.3,107.50 1 1
github.com/mishasvintus/avito_backend_internship/internal/handler/pr_handler.go:107.50,110.4 2 1
github.com/mishasvintus/avito_backend_internship/internal/handler/pr_handler.go:111.3,112.9 2 1
github.com/mishasvintus/avito_backend_internship/internal/handler/pr_handler.go:115.2,118.4 1 1
github.com/mishasvintus/avito_backend_internship/internal/handler/pr_handler.go:122.61,131.25 2 1
github.com/mishasvintus/avito_backend_internship/internal/handler/pr_handler.go:131.25,133.3 1 1
github.com/mishasvintus/avito_backend_internship/internal/handler/pr_handler.go:134.2,134.24 1 1
github.com/mishasvintus/avito_backend_internship/internal/handler/pr_handler.go:134.24,136.3 1 1
github.com/mishasvintus/avito_backend_internship/internal/handler/pr_handler.go:138.2,138.13 1 1
github.com/mishasvintus/avito_backend_internship/internal/handler/response.go:115.76,125.2 1 1
github.com/mishasvintus/avito_backend_internship/internal/handler/response.go:128.47,130.2 1 1
github.com/mishasvintus/avito_backend_internship/internal/handler/response.go:133.63,135.2 1 1
github.com/mishasvintus/avito_backend_internship/internal/handler/response.go:138.49,148.2 1 1
github.com/mishasvintus/avito_backend_internship/internal/handler/response.go:151.52,161.2 1 1
github.com/mishasvintus/avito_backend_internship/internal/handler/stats_handler.go:22.72,24.2 1 1
github.com/mishasvintus/avito_backend_internship/internal/handler/stats_handler.go:27.54,29.16 2 1
github.com/mishasvintus/avito_backend_internship/internal/handler/stats_handler.go:29.16,32.3 2 1
github.com/mishasvintus/avito_backend_internship/internal/handler/stats_handler.go:34.2,50.41 2 1
github.com/mishasvintus/avito_backend_internship/internal/handler/stats_handler.go:50.41,56.3 1 1
github.com/mishasvintus/avito_backend_internship/internal/handler/stats_handler.go:58.2,58.39 1 1
github.com/mishasvintus/avito_backend_internship/internal/handler/stats_handler.go:58.39,64.3 1 1
github.com/mishasvintus/avito_backend_internship/internal/handler/stats_handler.go:66.2,66.33 1 1
github.com/mishasvintus/avito_backend_internship/internal/handler/team_handler.go:18.68,20.2 1 1
github.com/mishasvintus/avito_backend_internship/internal/handler/team_handler.go:23.47,26.47 2 1
github.com/mishasvintus/avito_backend_internship/internal/handler/team_handler.go:26.47,29.3 2 1
github.com/mishasvintus/avito_backend_internship/internal/handler/team_handler.go:31.2,32.16 2 1
github.com/mishasvintus/avito_backend_internship/internal/handler/team_handler.go:32.16,33.44 1 1
github.com/mishasvintus/avito_backend_internship/internal/handler/team_handler.go:33.44,36.4 2 1
github.com/mishasvintus/avito_backend_internship/internal/handler/team_handler.go:37.3,38.9 2 1
github.com/mishasvintus/avito_backend_internship/internal/handler/team_handler.go:41.2,42.16 2 1
github.com/mishasvintus/avito_backend_internship/internal/handler/team_handler.go:42.16,45.3 2 1
github.com/mishasvintus/avito_backend_internship/internal/handler/team_handler.go:47.2,48.33 2 1
github.com/mishasvintus/avito_backend_internship/internal/handler/team_handler.go:48.33,54.3 1 1
github.com/mishasvintus/avito_backend_internship/internal/handler/team_handler.go:56.2,61.4 1 1
github.com/mishasvintus/avito_backend_internship/internal/handler/team_handler.go:65.47,67.20 2 1
github.com/mishasvintus/avito_backend_internship/internal/handler/team_handler.go:67.20,70.3 2 1
github.com/mishasvintus/avito_backend_internship/internal/handler/team_handler.go:72.2,73.16 2 1
github.com/mishasvintus/avito_backend_internship/internal/handler/team_handler.go:73.16,74.46 1 1
github.com/mishasvintus/avito_backend_internship/internal/handler/team_handler.go:74.46,77.4 2 1
github.com/mishasvintus/avito_backend_internship/internal/handler/team_handler.go:78.3,79.9 2 1
github.com/mishasvintus/avito_backend_internship/internal/handler/team_handler.go:82.2,83.33 2 1
github.com/mishasvintus/avito_backend_internship/internal/handler/team_handler.go:83.33,89.3 1 1
github.com/mishasvintus/avito_backend_internship/internal/handler/team_handler.go:91.2,94.4 1 1
github.com/mishasvintus/avito_backend_internship/internal/handler/team_handler.go:98.54,101.47 2 1
github.com/mishasvintus/avito_backend_internship/internal/handler/team_handler.go:101.47,104.3 2 1
github.com/mishasvintus/avito_backend_internship/internal/handler/team_handler.go:106.2,107.16 2 1
github.com/mishasvintus/avito_backend_internship/internal/handler/team_handler.go:107.16,108.46 1 1
github.com/mishasvintus/avito_backend_internship/internal/handler/team_handler.go:108.46,111.4 2 1
github.com/mishasvintus/avito_backend_internship/internal/handler/team_handler.go:112.3,113.9 2 1
github.com/mishasvintus/avito_backend_internship/internal/handler/team_handler.go:116.2,116.74 1 1
github.com/mishasvintus/avito_backend_internship/internal/handler/user_handler.go:18.68,20.2 1 1
github.com/mishasvintus/avito_backend_internship/internal/handler/user_handler.go:23.51,26.47 2 1
github.com/mishasvintus/avito_backend_internship/internal/handler/user_handler.go:26.47,29.3 2 1
github.com/mishasvintus/avito_backend_internship/internal/handler/user_handler.go:31.2,32.16 2 1
github.com/mishasvintus/avito_backend_internship/internal/handler/user_handler.go:32.16,33.46 1 1
github.com/mishasvintus/avito_backend_internship/internal/handler/user_handler.go:33.46,36.4 2 1
github.com/mishasvintus/avito_backend_internship/internal/handler/user_handler.go:37.3,38.9 2 1
github.com/mishasvintus/avito_backend_internship/internal/handler/user_handler.go:41.2,48.4 1 1
github.com/mishasvintus/avito_backend_internship/internal/handler/user_handler.go:52.49,54.18 2 1
github.com/mishasvintus/avito_backend_internship/internal/handler/user_handler.go:54.18,57.3 2 1
github.com/mishasvintus/avito_backend_internship/internal/handler/user_handler.go:59.2,60.16 2 1
github.com/mishasvintus/avito_backend_internship/internal/handler/user_handler.go:60.16,63.3 2 1
github.com/mishasvintus/avito_backend_internship/internal/handler/user_handler.go:66.2,67.24 2 1
github.com/mishasvintus/avito_backend_internship/internal/handler/user_handler.go:67.24,74.3 1 1
github.com/mishasvintus/avito_backend_internship/internal/handler/user_handler.go:76.2,79.4 1 1
github.com/mishasvintus/avito_backend_internship/internal/repository/db.go:12.49,14.16 2 0
github.com/mishasvintus/avito_backend_internship/internal/repository/db.go:14.16,16.3 1 0
github.com/mishasvintus/avito_backend_internship/internal/repository/db.go:18.2,22.33 4 0
github.com/mishasvintus/avito_backend_internship/internal/repository/db.go:22.33,24.3 1 0
github.com/mishasvintus/avito_backend_internship/internal/repository/db.go:26.2,26.16 1 0
github.com/mishasvintus/avito_backend_internship/internal/repository/errors.go:12.40,14.28 2 0
github.com/mishasvintus/avito_backend_internship/internal/repository/errors.go:14.28,16.3 1 0
github.com/mishasvintus/avito_backend_internship/internal/repository/errors.go:17.2,17.14 1 0
github.com/mishasvintus/avito_backend_internship/internal/repository/errors.go:22.44,24.28 2 0
github.com/mishasvintus/avito_backend_internship/internal/repository/errors.go:24.28,26.3 1 0
github.com/mishasvintus/avito_backend_internship/internal/repository/errors.go:27.2,27.14 1 0
github.com/mishasvintus/avito_backend_internship/internal/repository/errors.go:35.46,37.2 1 0
github.com/mishasvintus/avito_backend_internship/internal/repository/errors.go:40.41,43.2 2 0
github.com/mishasvintus/avito_backend_internship/internal/repository/pr/open_with_reviewers.go:17.103,26.16 3 0
github.com/mishasvintus/avito_backend_internship/internal/repository/pr/open_with_reviewers.go:26.16,28.3 1 0
github.com/mishasvintus/avito_backend_internship/internal/repository/pr/open_with_reviewers.go:29.2,32.18 3 0
github.com/mishasvintus/avito_backend_internship/internal/repository/pr/open_with_reviewers.go:32.18,34.90 2 0
github.com/mishasvintus/avito_backend_internship/internal/repository/pr/open_with_reviewers.go:34.90,36.4 1 0
github.com/mishasvintus/avito_backend_internship/internal/repository/pr/open_with_reviewers.go:37.3,37.32 1 0
github.com/mishasvintus/avito_backend_internship/internal/repository/pr/open_with_reviewers.go:40.2,40.35 1 0
github.com/mishasvintus/avito_backend_internship/internal/repository/pr/open_with_reviewers.go:40.35,42.3 1 0
github.com/mishasvintus/avito_backend_internship/internal/repository/pr/open_with_reviewers.go:44.2,44.20 1 0
github.com/mishasvintus/avito_backend_internship/internal/repository/pr/pr.go:13.65,20.16 4 0
github.com/mishasvintus/avito_backend_internship/internal/repository/pr/pr.go:20.16,22.3 1 0
github.com/mishasvintus/avito_backend_internship/internal/repository/pr/pr.go:23.2,23.12 1 0
github.com/mishasvintus/avito_backend_internship/internal/repository/pr/pr.go:27.70,30.16 3 0
github.com/mishasvintus/avito_backend_internship/internal/repository/pr/pr.go:30.16,32.3 1 0
github.com/mishasvintus/avito_backend_internship/internal/repository/pr/pr.go:33.2,33.12 1 0
github.com/mishasvintus/avito_backend_internship/internal/repository/pr/pr.go:37.74,53.16 4 0
github.com/mishasvintus/avito_backend_internship/internal/repository/pr/pr.go:53.16,54.27 1 0
github.com/mishasvintus/avito_backend_internship/internal/repository/pr/pr.go:54.27,56.4 1 0
github.com/mishasvintus/avito_backend_internship/internal/repository/pr/pr.go:57.3,57.64 1 0
github.com/mishasvintus/avito_backend_internship/internal/repository/pr/pr.go:61.2,67.16 3 0
github.com/mishasvintus/avito_backend_internship/internal/repository/pr/pr.go:67.16,69.3 1 0
github.com/mishasvintus/avito_backend_internship/internal/repository/pr/pr.go:70.2,73.18 3 0
github.com/mishasvintus/avito_backend_internship/internal/repository/pr/pr.go:73.18,75.48 2 0
github.com/mishasvintus/avito_backend_internship/internal/repository/pr/pr.go:75.48,77.4 1 0
github.com/mishasvintus/avito_backend_internship/internal/repository/pr/pr.go:78.3,78.44 1 0
github.com/mishasvintus/avito_backend_internship/internal/repository/pr/pr.go:81.2,81.35 1 0
github.com/mishasvintus/avito_backend_internship/internal/repository/pr/pr.go:81.35,83.3 1 0
github.com/mishasvintus/avito_backend_internship/internal/repository/pr/pr.go:85.2,86.16 2 0
github.com/mishasvintus/avito_backend_internship/internal/repository/pr/pr.go:90.88,99.16 3 0
github.com/mishasvintus/avito_backend_internship/internal/repository/pr/pr.go:99.16,101.3 1 0
github.com/mishasvintus/avito_backend_internship/internal/repository/pr/pr.go:102.2,105.18 3 0
github.com/mishasvintus/avito_backend_internship/internal/repository/pr/pr.go:105.18,107.97 2 0
github.com/mishasvintus/avito_backend_internship/internal/repository/pr/pr.go:107.97,109.4 1 0
github.com/mishasvintus/avito_backend_internship/internal/repository/pr/pr.go:110.3,110.23 1 0
github.com/mishasvintus/avito_backend_internship/internal/repository/pr/pr.go:113.2,113.35 1 0
github.com/mishasvintus/avito_backend_internship/internal/repository/pr/pr.go:113.35,115.3 1 0
github.com/mishasvintus/avito_backend_internship/internal/repository/pr/pr.go:117.2,117.17 1 0
github.com/mishasvintus/avito_backend_internship/internal/repository/pr/pr.go:122.68,130.16 4 0
github.com/mishasvintus/avito_backend_internship/internal/repository/pr/pr.go:130.16,132.3 1 0
github.com/mishasvintus/avito_backend_internship/internal/repository/pr/pr.go:134.2,135.16 2 0
github.com/mishasvintus/avito_backend_internship/internal/repository/pr/pr.go:135.16,137.3 1 0
github.com/mishasvintus/avito_backend_internship/internal/repository/pr/pr.go:139.2,139.23 1 0
github.com/mishasvintus/avito_backend_internship/internal/repository/pr/pr.go:139.23,141.3 1 0
github.com/mishasvintus/avito_backend_internship/internal/repository/pr/pr.go:143.2,143.12 1 0
github.com/mishasvintus/avito_backend_internship/internal/repository/pr/pr.go:147.63,150.16 3 0
github.com/mishasvintus/avito_backend_internship/internal/repository/pr/pr.go:150.16,152.3 1 0
github.com/mishasvintus/avito_backend_internship/internal/repository/pr/pr.go:153.2,153.12 1 0
github.com/mishasvintus/avito_backend_internship/internal/repository/pr/pr.go:157.70,160.16 3 0
github.com/mishasvintus/avito_backend_internship/internal/repository/pr/pr.go:160.16,162.3 1 0
github.com/mishasvintus/avito_backend_internship/internal/repository/pr/pr.go:163.2,163.12 1 0
github.com/mishasvintus/avito_backend_internship/internal/repository/pr/pr.go:167.62,171.16 4 0
github.com/mishasvintus/avito_backend_internship/internal/repository/pr/pr.go:171.16,173.3 1 0
github.com/mishasvintus/avito_backend_internship/internal/repository/pr/pr.go:174.2,174.20 1 0
github.com/mishasvintus/avito_backend_internship/internal/repository/pr/pr.go:178.76,182.16 4 0
github.com/mishasvintus/avito_backend_internship/internal/repository/pr/pr.go:182.16,183.27 1 0
github.com/mishasvintus/avito_backend_internship/internal/repository/pr/pr.go:183.27,185.4 1 0
github.com/mishasvintus/avito_backend_internship/internal/repository/pr/pr.go:186.3,186.70 1 0
github.com/mishasvintus/avito_backend_internship/internal/repository/pr/pr.go:188.2,188.20 1 0
github.com/mishasvintus/avito_backend_internship/internal/repository/pr/pr.go:192.82,196.16 4 0
github.com/mishasvintus/avito_backend_internship/internal/repository/pr/pr.go:196.16,198.3 1 0
github.com/mishasvintus/avito_backend_internship/internal/repository/pr/pr.go:199.2,199.20 1 0
github.com/mishasvintus/avito_backend_internship/internal/repository/stats/stats.go:32.69,41.16 3 0
github.com/mishasvintus/avito_backend_internship/internal/repository/stats/stats.go:41.16,43.3 1 0
github.com/mishasvintus/avito_backend_internship/internal/repository/stats/stats.go:44.2,47.18 3 0
github.com/mishasvintus/avito_backend_internship/internal/repository/stats/stats.go:47.18,49.78 2 0
github.com/mishasvintus/avito_backend_internship/internal/repository/stats/stats.go:49.78,51.4 1 0
github.com/mishasvintus/avito_backend_internship/internal/repository/stats/stats.go:52.3,52.30 1 0
github.com/mishasvintus/avito_backend_internship/internal/repository/stats/stats.go:55.2,55.35 1 0
github.com/mishasvintus/avito_backend_internship/internal/repository/stats/stats.go:55.35,57.3 1 0
github.com/mishasvintus/avito_backend_internship/internal/repository/stats/stats.go:59.2,59.19 1 0
github.com/mishasvintus/avito_backend_internship/internal/repository/stats/stats.go:63.65,72.16 3 0
github.com/mishasvintus/avito_backend_internship/internal/repository/stats/stats.go:72.16,74.3 1 0
github.com/mishasvintus/avito_backend_internship/internal/repository/stats/stats.go:75.2,78.18 3 0
github.com/mishasvintus/avito_backend_internship/internal/repository/stats/stats.go:78.18,80.78 2 0
github.com/mishasvintus/avito_backend_internship/internal/repository/stats/stats.go:80.78,82.4 1 0
github.com/mishasvintus/avito_backend_internship/internal/repository/stats/stats.go:83.3,83.30 1 0
github.com/mishasvintus/avito_backend_internship/internal/repository/stats/stats.go:86.2,86.35 1 0
github.com/mishasvintus/avito_backend_internship/internal/repository/stats/stats.go:86.35,88.3 1 0
github.com/mishasvintus/avito_backend_internship/internal/repository/stats/stats.go:90.2,90.19 1 0
github.com/mishasvintus/avito_backend_internship/internal/repository/stats/stats.go:94.67,109.16 4 0
github.com/mishasvintus/avito_backend_internship/internal/repository/stats/stats.go:109.16,111.3 1 0
github.com/mishasvintus/avito_backend_internship/internal/repository/stats/stats.go:113.2,113.20 1 0
github.com/mishasvintus/avito_backend_internship/internal/repository/team/team.go:12.58,15.16 3 0
github.com/mishasvintus/avito_backend_internship/internal/repository/team/team.go:15.16,17.3 1 0
github.com/mishasvintus/avito_backend_internship/internal/repository/team/team.go:18.2,18.12 1 0
github.com/mishasvintus/avito_backend_internship/internal/repository/team/team.go:22.71,29.16 3 0
github.com/mishasvintus/avito_backend_internship/internal/repository/team/team.go:29.16,31.3 1 0
github.com/mishasvintus/avito_backend_internship/internal/repository/team/team.go:32.2,35.18 3 0
github.com/mishasvintus/avito_backend_internship/internal/repository/team/team.go:35.18,37.87 2 0
github.com/mishasvintus/avito_backend_internship/internal/repository/team/team.go:37.87,39.4 1 0
github.com/mishasvintus/avito_backend_internship/internal/repository/team/team.go:40.3,40.36 1 0
github.com/mishasvintus/avito_backend_internship/internal/repository/team/team.go:43.2,43.35 1 0
github.com/mishasvintus/avito_backend_internship/internal/repository/team/team.go:43.35,45.3 1 0
github.com/mishasvintus/avito_backend_internship/internal/repository/team/team.go:48.2,48.23 1 0
github.com/mishasvintus/avito_backend_internship/internal/repository/team/team.go:48.23,50.17 2 0
github.com/mishasvintus/avito_backend_internship/internal/repository/team/team.go:50.17,52.4 1 0
github.com/mishasvintus/avito_backend_internship/internal/repository/team/team.go:53.3,53.14 1 0
github.com/mishasvintus/avito_backend_internship/internal/repository/team/team.go:53.14,55.4 1 0
github.com/mishasvintus/avito_backend_internship/internal/repository/team/team.go:58.2,61.8 1 0
github.com/mishasvintus/avito_backend_internship/internal/repository/team/team.go:65.66,69.16 4 0
github.com/mishasvintus/avito_backend_internship/internal/repository/team/team.go:69.16,71.3 1 0
github.com/mishasvintus/avito_backend_internship/internal/repository/team/team.go:72.2,72.20 1 0
github.com/mishasvintus/avito_backend_internship/internal/repository/team/team.go:76.65,79.16 3 0
github.com/mishasvintus/avito_backend_internship/internal/repository/team/team.go:79.16,81.3 1 0
github.com/mishasvintus/avito_backend_internship/internal/repository/team/team.go:82.2,82.12 1 0
github.com/mishasvintus/avito_backend_internship/internal/repository/user/user.go:12.60,18.16 3 0
github.com/mishasvintus/avito_backend_internship/internal/repository/user/user.go:18.16,20.3 1 0
github.com/mishasvintus/avito_backend_internship/internal/repository/user/user.go:21.2,21.12 1 0
github.com/mishasvintus/avito_backend_internship/internal/repository/user/user.go:25.69,38.16 4 0
github.com/mishasvintus/avito_backend_internship/internal/repository/user/user.go:38.16,39.27 1 0
github.com/mishasvintus/avito_backend_internship/internal/repository/user/user.go:39.27,41.4 1 0
github.com/mishasvintus/avito_backend_internship/internal/repository/user/user.go:42.3,42.56 1 0
github.com/mishasvintus/avito_backend_internship/internal/repository/user/user.go:44.2,44.16 1 0
github.com/mishasvintus/avito_backend_internship/internal/repository/user/user.go:48.60,55.16 3 0
github.com/mishasvintus/avito_backend_internship/internal/repository/user/user.go:55.16,57.3 1 0
github.com/mishasvintus/avito_backend_internship/internal/repository/user/user.go:59.2,60.16 2 0
github.com/mishasvintus/avito_backend_internship/internal/repository/user/user.go:60.16,62.3 1 0
github.com/mishasvintus/avito_backend_internship/internal/repository/user/user.go:64.2,64.23 1 0
github.com/mishasvintus/avito_backend_internship/internal/repository/user/user.go:64.23,66.3 1 0
github.com/mishasvintus/avito_backend_internship/internal/repository/user/user.go:68.2,68.12 1 0
github.com/mishasvintus/avito_backend_internship/internal/repository/user/user.go:72.92,86.16 4 0
github.com/mishasvintus/avito_backend_internship/internal/repository/user/user.go:86.16,87.27 1 0
github.com/mishasvintus/avito_backend_internship/internal/repository/user/user.go:87.27,89.4 1 0
github.com/mishasvintus/avito_backend_internship/internal/repository/user/user.go:90.3,90.66 1 0
github.com/mishasvintus/avito_backend_internship/internal/repository/user/user.go:93.2,93.16 1 0
github.com/mishasvintus/avito_backend_internship/internal/repository/user/user.go:97.64,101.16 4 0
github.com/mishasvintus/avito_backend_internship/internal/repository/user/user.go:101.16,103.3 1 0
github.com/mishasvintus/avito_backend_internship/internal/repository/user/user.go:104.2,104.20 1 0
github.com/mishasvintus/avito_backend_internship/internal/repository/user/user.go:108.85,118.16 3 0
github.com/mishasvintus/avito_backend_internship/internal/repository/user/user.go:118.16,120.3 1 0
github.com/mishasvintus/avito_backend_internship/internal/repository/user/user.go:121.2,124.18 3 0
github.com/mishasvintus/avito_backend_internship/internal/repository/user/user.go:124.18,126.85 2 0
github.com/mishasvintus/avito_backend_internship/internal/repository/user/user.go:126.85,128.4 1 0
github.com/mishasvintus/avito_backend_internship/internal/repository/user/user.go:129.3,129.35 1 0
github.com/mishasvintus/avito_backend_internship/internal/repository/user/user.go:132.2,132.35 1 0
github.com/mishasvintus/avito_backend_internship/internal/repository/user/user.go:132.35,134.3 1 0
github.com/mishasvintus/avito_backend_internship/internal/repository/user/user.go:136.2,136.23 1 0
github.com/mishasvintus/avito_backend_internship/internal/service/pr_service.go:20.70,25.2 1 0
github.com/mishasvintus/avito_backend_internship/internal/service/pr_service.go:28.90,30.16 2 0
github.com/mishasvintus/avito_backend_internship/internal/service/pr_service.go:30.16,31.27 1 0
github.com/mishasvintus/avito_backend_internship/internal/service/pr_service.go:31.27,33.4 1 0
github.com/mishasvintus/avito_backend_internship/internal/service/pr_service.go:34.3,34.58 1 0
github.com/mishasvintus/avito_backend_internship/internal/service/pr_service.go:37.2,38.16 2 0
github.com/mishasvintus/avito_backend_internship/internal/service/pr_service.go:38.16,40.3 1 0
github.com/mishasvintus/avito_backend_internship/internal/service/pr_service.go:42.2,43.16 2 0
github.com/mishasvintus/avito_backend_internship/internal/service/pr_service.go:43.16,45.3 1 0
github.com/mishasvintus/avito_backend_internship/internal/service/pr_service.go:47.2,48.16 2 0
github.com/mishasvintus/avito_backend_internship/internal/service/pr_service.go:48.16,50.3 1 0
github.com/mishasvintus/avito_backend_internship/internal/service/pr_service.go:51.2,61.51 3 0
github.com/mishasvintus/avito_backend_internship/internal/service/pr_service.go:61.51,62.40 1 0
github.com/mishasvintus/avito_backend_internship/internal/service/pr_service.go:62.40,64.4 1 0
github.com/mishasvintus/avito_backend_internship/internal/service/pr_service.go:65.3,65.44 1 0
github.com/mishasvintus/avito_backend_internship/internal/service/pr_service.go:65.44,67.4 1 0
github.com/mishasvintus/avito_backend_internship/internal/service/pr_service.go:68.3,68.67 1 0
github.com/mishasvintus/avito_backend_internship/internal/service/pr_service.go:71.2,71.39 1 0
github.com/mishasvintus/avito_backend_internship/internal/service/pr_service.go:71.39,72.65 1 0
github.com/mishasvintus/avito_backend_internship/internal/service/pr_service.go:72.65,73.45 1 0
github.com/mishasvintus/avito_backend_internship/internal/service/pr_service.go:73.45,75.5 1 0
github.com/mishasvintus/avito_backend_internship/internal/service/pr_service.go:76.4,76.64 1 0
github.com/mishasvintus/avito_backend_internship/internal/service/pr_service.go:81.2,81.39 1 0
github.com/mishasvintus/avito_backend_internship/internal/service/pr_service.go:81.39,83.17 2 0
github.com/mishasvintus/avito_backend_internship/internal/service/pr_service.go:83.17,85.4 1 0
github.com/mishasvintus/avito_backend_internship/internal/service/pr_service.go:86.3,86.18 1 0
github.com/mishasvintus/avito_backend_internship/internal/service/pr_service.go:86.18,88.4 1 0
github.com/mishasvintus/avito_backend_internship/internal/service/pr_service.go:91.2,91.36 1 0
github.com/mishasvintus/avito_backend_internship/internal/service/pr_service.go:91.36,93.3 1 0
github.com/mishasvintus/avito_backend_internship/internal/service/pr_service.go:95.2,96.16 2 0
github.com/mishasvintus/avito_backend_internship/internal/service/pr_service.go:96.16,98.3 1 0
github.com/mishasvintus/avito_backend_internship/internal/service/pr_service.go:100.2,100.20 1 0
github.com/mishasvintus/avito_backend_internship/internal/service/pr_service.go:105.71,107.16 2 0
github.com/mishasvintus/avito_backend_internship/internal/service/pr_service.go:107.16,108.27 1 0
github.com/mishasvintus/avito_backend_internship/internal/service/pr_service.go:108.27,110.4 1 0
github.com/mishasvintus/avito_backend_internship/internal/service/pr_service.go:111.3,111.64 1 0
github.com/mishasvintus/avito_backend_internship/internal/service/pr_service.go:114.2,114.47 1 0
github.com/mishasvintus/avito_backend_internship/internal/service/pr_service.go:114.47,116.3 1 0
github.com/mishasvintus/avito_backend_internship/internal/service/pr_service.go:118.2,118.60 1 0
github.com/mishasvintus/avito_backend_internship/internal/service/pr_service.go:118.60,120.3 1 0
github.com/mishasvintus/avito_backend_internship/internal/service/pr_service.go:123.2,124.16 2 0
github.com/mishasvintus/avito_backend_internship/internal/service/pr_service.go:124.16,126.3 1 0
github.com/mishasvintus/avito_backend_internship/internal/service/pr_service.go:128.2,128.22 1 0
github.com/mishasvintus/avito_backend_internship/internal/service/pr_service.go:133.97,135.16 2 0
github.com/mishasvintus/avito_backend_internship/internal/service/pr_service.go:135.16,136.27 1 0
github.com/mishasvintus/avito_backend_internship/internal/service/pr_service.go:136.27,138.4 1 0
github.com/mishasvintus/avito_backend_internship/internal/service/pr_service.go:139.3,139.68 1 0
github.com/mishasvintus/avito_backend_internship/internal/service/pr_service.go:142.2,143.16 2 0
github.com/mishasvintus/avito_backend_internship/internal/service/pr_service.go:143.16,145.3 1 0
github.com/mishasvintus/avito_backend_internship/internal/service/pr_service.go:148.2,153.42 5 0
github.com/mishasvintus/avito_backend_internship/internal/service/pr_service.go:153.42,155.3 1 0
github.com/mishasvintus/avito_backend_internship/internal/service/pr_service.go:156.2,159.16 3 0
github.com/mishasvintus/avito_backend_internship/internal/service/pr_service.go:159.16,161.3 1 0
github.com/mishasvintus/avito_backend_internship/internal/service/pr_service.go:162.2,165.16 3 0
github.com/mishasvintus/avito_backend_internship/internal/service/pr_service.go:165.16,166.27 1 0
github.com/mishasvintus/avito_backend_internship/internal/service/pr_service.go:166.27,168.4 1 0
github.com/mishasvintus/avito_backend_internship/internal/service/pr_service.go:169.3,169.67 1 0
github.com/mishasvintus/avito_backend_internship/internal/service/pr_service.go:172.2,172.33 1 0
github.com/mishasvintus/avito_backend_internship/internal/service/pr_service.go:172.33,174.3 1 0
github.com/mishasvintus/avito_backend_internship/internal/service/pr_service.go:176.2,177.16 2 0
github.com/mishasvintus/avito_backend_internship/internal/service/pr_service.go:177.16,179.3 1 0
github.com/mishasvintus/avito_backend_internship/internal/service/pr_service.go:181.2,181.17 1 0
github.com/mishasvintus/avito_backend_internship/internal/service/pr_service.go:181.17,183.3 1 0
github.com/mishasvintus/avito_backend_internship/internal/service/pr_service.go:185.2,185.67 1 0
github.com/mishasvintus/avito_backend_internship/internal/service/pr_service.go:185.67,187.3 1 0
github.com/mishasvintus/avito_backend_internship/internal/service/pr_service.go:189.2,189.67 1 0
github.com/mishasvintus/avito_backend_internship/internal/service/pr_service.go:189.67,190.44 1 0
github.com/mishasvintus/avito_backend_internship/internal/service/pr_service.go:190.44,192.4 1 0
github.com/mishasvintus/avito_backend_internship/internal/service/pr_service.go:193.3,193.67 1 0
github.com/mishasvintus/avito_backend_internship/internal/service/pr_service.go:197.2,198.16 2 0
github.com/mishasvintus/avito_backend_internship/internal/service/pr_service.go:198.16,200.3 1 0
github.com/mishasvintus/avito_backend_internship/internal/service/pr_service.go:201.2,201.17 1 0
github.com/mishasvintus/avito_backend_internship/internal/service/pr_service.go:201.17,203.3 1 0
github.com/mishasvintus/avito_backend_internship/internal/service/pr_service.go:205.2,205.36 1 0
github.com/mishasvintus/avito_backend_internship/internal/service/pr_service.go:205.36,207.3 1 0
github.com/mishasvintus/avito_backend_internship/internal/service/pr_service.go:209.2,210.16 2 0
github.com/mishasvintus/avito_backend_internship/internal/service/pr_service.go:210.16,212.3 1 0
github.com/mishasvintus/avito_backend_internship/internal/service/pr_service.go:214.2,214.38 1 0
github.com/mishasvintus/avito_backend_internship/internal/service/reviewer_assigner.go:15.46,17.2 1 0
github.com/mishasvintus/avito_backend_internship/internal/service/reviewer_assigner.go:21.87,22.25 1 0
github.com/mishasvintus/avito_backend_internship/internal/service/reviewer_assigner.go:22.25,24.3 1 0
github.com/mishasvintus/avito_backend_internship/internal/service/reviewer_assigner.go:26.2,26.25 1 0
github.com/mishasvintus/avito_backend_internship/internal/service/reviewer_assigner.go:26.25,28.34 2 0
github.com/mishasvintus/avito_backend_internship/internal/service/reviewer_assigner.go:28.34,30.4 1 0
github.com/mishasvintus/avito_backend_internship/internal/service/reviewer_assigner.go:31.3,31.24 1 0
github.com/mishasvintus/avito_backend_internship/internal/service/reviewer_assigner.go:34.2,37.25 3 0
github.com/mishasvintus/avito_backend_internship/internal/service/reviewer_assigner.go:37.25,39.17 2 0
github.com/mishasvintus/avito_backend_internship/internal/service/reviewer_assigner.go:39.17,41.4 1 0
github.com/mishasvintus/avito_backend_internship/internal/service/reviewer_assigner.go:43.3,43.21 1 0
github.com/mishasvintus/avito_backend_internship/internal/service/reviewer_assigner.go:43.21,46.4 2 0
github.com/mishasvintus/avito_backend_internship/internal/service/reviewer_assigner.go:49.2,49.23 1 0
github.com/mishasvintus/avito_backend_internship/internal/service/reviewer_assigner.go:53.116,55.32 2 0
github.com/mishasvintus/avito_backend_internship/internal/service/reviewer_assigner.go:55.32,57.3 1 0
github.com/mishasvintus/avito_backend_internship/internal/service/reviewer_assigner.go:59.2,60.33 2 0
github.com/mishasvintus/avito_backend_internship/internal/service/reviewer_assigner.go:60.33,61.56 1 0
github.com/mishasvintus/avito_backend_internship/internal/service/reviewer_assigner.go:61.56,63.4 1 0
github.com/mishasvintus/avito_backend_internship/internal/service/reviewer_assigner.go:66.2,66.26 1 0
github.com/mishasvintus/avito_backend_internship/internal/service/reviewer_assigner.go:66.26,68.3 1 0
github.com/mishasvintus/avito_backend_internship/internal/service/reviewer_assigner.go:70.2,70.38 1 0
github.com/mishasvintus/avito_backend_internship/internal/service/reviewer_assigner.go:74.42,76.16 2 0
github.com/mishasvintus/avito_backend_internship/internal/service/reviewer_assigner.go:76.16,78.3 1 0
github.com/mishasvintus/avito_backend_internship/internal/service/reviewer_assigner.go:79.2,79.31 1 0
github.com/mishasvintus/avito_backend_internship/internal/service/stats_service.go:16.48,18.2 1 0
github.com/mishasvintus/avito_backend_internship/internal/service/stats_service.go:28.61,30.16 2 0
github.com/mishasvintus/avito_backend_internship/internal/service/stats_service.go:30.16,32.3 1 0
github.com/mishasvintus/avito_backend_internship/internal/service/stats_service.go:34.2,35.16 2 0
github.com/mishasvintus/avito_backend_internship/internal/service/stats_service.go:35.16,37.3 1 0
github.com/mishasvintus/avito_backend_internship/internal/service/stats_service.go:39.2,40.16 2 0
github.com/mishasvintus/avito_backend_internship/internal/service/stats_service.go:40.16,42.3 1 0
github.com/mishasvintus/avito_backend_internship/internal/service/stats_service.go:44.2,48.8 1 0
github.com/mishasvintus/avito_backend_internship/internal/service/team_service.go:19.46,21.2 1 0
github.com/mishasvintus/avito_backend_internship/internal/service/team_service.go:24.86,26.16 2 0
github.com/mishasvintus/avito_backend_internship/internal/service/team_service.go:26.16,28.3 1 0
github.com/mishasvintus/avito_backend_internship/internal/service/team_service.go:29.2,33.16 3 0
github.com/mishasvintus/avito_backend_internship/internal/service/team_service.go:33.16,35.3 1 0
github.com/mishasvintus/avito_backend_internship/internal/service/team_service.go:36.2,36.12 1 0
github.com/mishasvintus/avito_backend_internship/internal/service/team_service.go:36.12,38.3 1 0
github.com/mishasvintus/avito_backend_internship/internal/service/team_service.go:41.2,41.50 1 0
github.com/mishasvintus/avito_backend_internship/internal/service/team_service.go:41.50,43.3 1 0
github.com/mishasvintus/avito_backend_internship/internal/service/team_service.go:46.2,46.33 1 0
github.com/mishasvintus/avito_backend_internship/internal/service/team_service.go:46.33,56.41 3 0
github.com/mishasvintus/avito_backend_internship/internal/service/team_service.go:56.41,58.4 1 0
github.com/mishasvintus/avito_backend_internship/internal/service/team_service.go:60.3,60.26 1 0
github.com/mishasvintus/avito_backend_internship/internal/service/team_service.go:60.26,61.46 1 0
github.com/mishasvintus/avito_backend_internship/internal/service/team_service.go:61.46,63.5 1 0
github.com/mishasvintus/avito_backend_internship/internal/service/team_service.go:64.9,65.46 1 0
github.com/mishasvintus/avito_backend_internship/internal/service/team_service.go:65.46,67.5 1 0
github.com/mishasvintus/avito_backend_internship/internal/service/team_service.go:71.2,71.36 1 0
github.com/mishasvintus/avito_backend_internship/internal/service/team_service.go:71.36,73.3 1 0
github.com/mishasvintus/avito_backend_internship/internal/service/team_service.go:75.2,75.12 1 0
github.com/mishasvintus/avito_backend_internship/internal/service/team_service.go:79.70,81.16 2 0
github.com/mishasvintus/avito_backend_internship/internal/service/team_service.go:81.16,82.27 1 0
github.com/mishasvintus/avito_backend_internship/internal/service/team_service.go:82.27,84.4 1 0
github.com/mishasvintus/avito_backend_internship/internal/service/team_service.go:85.3,85.56 1 0
github.com/mishasvintus/avito_backend_internship/internal/service/team_service.go:87.2,87.15 1 0
github.com/mishasvintus/avito_backend_internship/internal/service/team_service.go:91.61,94.16 2 0
github.com/mishasvintus/avito_backend_internship/internal/service/team_service.go:94.16,95.27 1 0
github.com/mishasvintus/avito_backend_internship/internal/service/team_service.go:95.27,97.4 1 0
github.com/mishasvintus/avito_backend_internship/internal/service/team_service.go:98.3,98.53 1 0
github.com/mishasvintus/avito_backend_internship/internal/service/team_service.go:101.2,102.16 2 0
github.com/mishasvintus/avito_backend_internship/internal/service/team_service.go:102.16,104.3 1 0
github.com/mishasvintus/avito_backend_internship/internal/service/team_service.go:105.2,108.57 2 0
github.com/mishasvintus/avito_backend_internship/internal/service/team_service.go:108.57,110.3 1 0
github.com/mishasvintus/avito_backend_internship/internal/service/team_service.go:113.2,114.16 2 0
github.com/mishasvintus/avito_backend_internship/internal/service/team_service.go:114.16,116.3 1 0
github.com/mishasvintus/avito_backend_internship/internal/service/team_service.go:119.2,119.45 1 0
github.com/mishasvintus/avito_backend_internship/internal/service/team_service.go:119.45,121.94 1 0
github.com/mishasvintus/avito_backend_internship/internal/service/team_service.go:121.94,123.4 1 0
github.com/mishasvintus/avito_backend_internship/internal/service/team_service.go:126.3,127.17 2 0
github.com/mishasvintus/avito_backend_internship/internal/service/team_service.go:127.17,129.4 1 0
github.com/mishasvintus/avito_backend_internship/internal/service/team_service.go:132.3,133.17 2 0
github.com/mishasvintus/avito_backend_internship/internal/service/team_service.go:133.17,135.4 1 0
github.com/mishasvintus/avito_backend_internship/internal/service/team_service.go:138.3,139.38 2 0
github.com/mishasvintus/avito_backend_internship/internal/service/team_service.go:139.38,141.61 2 0
github.com/mishasvintus/avito_backend_internship/internal/service/team_service.go:141.61,142.38 1 0
github.com/mishasvintus/avito_backend_internship/internal/service/team_service.go:142.38,144.11 2 0
github.com/mishasvintus/avito_backend_internship/internal/service/team_service.go:147.4,147.19 1 0
github.com/mishasvintus/avito_backend_internship/internal/service/team_service.go:147.19,149.5 1 0
github.com/mishasvintus/avito_backend_internship/internal/service/team_service.go:153.3,153.26 1 0
github.com/mishasvintus/avito_backend_internship/internal/service/team_service.go:153.26,154.88 1 0
github.com/mishasvintus/avito_backend_internship/internal/service/team_service.go:154.88,156.5 1 0
github.com/mishasvintus/avito_backend_internship/internal/service/team_service.go:161.2,161.36 1 0
github.com/mishasvintus/avito_backend_internship/internal/service/team_service.go:161.36,163.3 1 0
github.com/mishasvintus/avito_backend_internship/internal/service/team_service.go:165.2,165.12 1 0
github.com/mishasvintus/avito_backend_internship/internal/service/user_service.go:18.46,20.2 1 0
github.com/mishasvintus/avito_backend_internship/internal/service/user_service.go:23.87,25.16 2 0
github.com/mishasvintus/avito_backend_internship/internal/service/user_service.go:25.16,26.27 1 0
github.com/mishasvintus/avito_backend_internship/internal/service/user_service.go:26.27,28.4 1 0
github.com/mishasvintus/avito_backend_internship/internal/service/user_service.go:29.3,29.66 1 0
github.com/mishasvintus/avito_backend_internship/internal/service/user_service.go:32.2,32.15 1 0
github.com/mishasvintus/avito_backend_internship/internal/service/user_service.go:36.88,38.16 2 0
github.com/mishasvintus/avito_backend_internship/internal/service/user_service.go:38.16,40.3 1 0
github.com/mishasvintus/avito_backend_internship/internal/service/user_service.go:42.2,42.17 1 0
github.com/mishasvintus/avito_backend_internship/internal/domain/pull_request.go:20.46,22.23 2 1
github.com/mishasvintus/avito_backend_internship/internal/domain/pull_request.go:22.23,24.3 1 0
github.com/mishasvintus/avito_backend_internship/internal/domain/pull_request.go:25.2,25.20 1 1
github.com/mishasvintus/avito_backend_internship/internal/domain/pull_request.go:29.34,31.2 1 1
github.com/mishasvintus/avito_backend_internship/internal/domain/pull_request.go:34.42,35.18 1 1
github.com/mishasvintus/avito_backend_internship/internal/domain/pull_request.go:35.18,37.3 1 0
github.com/mishasvintus/avito_backend_internship/internal/domain/pull_request.go:39.2,40.27 2 1
github.com/mishasvintus/avito_backend_internship/internal/domain/pull_request.go:41.14,42.10 1 1
github.com/mishasvintus/avito_backend_internship/internal/domain/pull_request.go:43.14,44.18 1 0
github.com/mishasvintus/avito_backend_internship/internal/domain/pull_request.go:45.10,46.59 1 0
github.com/mishasvintus/avito_backend_internship/internal/domain/pull_request.go:49.2,50.16 2 1
github.com/mishasvintus/avito_backend_internship/internal/domain/pull_request.go:50.16,52.3 1 0
github.com/mishasvintus/avito_backend_internship/internal/domain/pull_request.go:53.2,54.12 2 1
github.com/mishasvintus/avito_backend_internship/internal/domain/pull_request.go:58.49,59.18 1 1
github.com/mishasvintus/avito_backend_internship/internal/domain/pull_request.go:59.18,61.3 1 0
github.com/mishasvintus/avito_backend_internship/internal/domain/pull_request.go:62.2,62.23 1 1
github.com/mishasvintus/avito_backend_internship/internal/repository/db.go:12.49,14.16 2 0
github.com/mishasvintus/avito_backend_internship/internal/repository/db.go:14.16,16.3 1 0
github.com/mishasvintus/avito_backend_internship/internal/repository/db.go:18.2,22.33 4 0
github.com/mishasvintus/avito_backend_internship/internal/repository/db.go:22.33,24.3 1 0
github.com/mishasvintus/avito_backend_internship/internal/repository/db.go:26.2,26.16 1 0
github.com/mishasvintus/avito_backend_internship/internal/repository/errors.go:12.40,14.28 2 1
github.com/mishasvintus/avito_backend_internship/internal/repository/errors.go:14.28,16.3 1 1
github.com/mishasvintus/avito_backend_internship/internal/repository/errors.go:17.2,17.14 1 0
github.com/mishasvintus/avito_backend_internship/internal/repository/errors.go:22.44,24.28 2 0
github.com/mishasvintus/avito_backend_internship/internal/repository/errors.go:24.28,26.3 1 0
github.com/mishasvintus/avito_backend_internship/internal/repository/errors.go:27.2,27.14 1 0
github.com/mishasvintus/avito_backend_internship/internal/repository/errors.go:35.46,37.2 1 0
github.com/mishasvintus/avito_backend_internship/internal/repository/errors.go:40.41,43.2 2 0
github.com/mishasvintus/avito_backend_internship/internal/repository/pr/open_with_reviewers.go:17.103,26.16 3 1
github.com/mishasvintus/avito_backend_internship/internal/repository/pr/open_with_reviewers.go:26.16,28.3 1 0
github.com/mishasvintus/avito_backend_internship/internal/repository/pr/open_with_reviewers.go:29.2,32.18 3 1
github.com/mishasvintus/avito_backend_internship/internal/repository/pr/open_with_reviewers.go:32.18,34.90 2 1
github.com/mishasvintus/avito_backend_internship/internal/repository/pr/open_with_reviewers.go:34.90,36.4 1 0
github.com/mishasvintus/avito_backend_internship/internal/repository/pr/open_with_reviewers.go:37.3,37.32 1 1
github.com/mishasvintus/avito_backend_internship/internal/repository/pr/open_with_reviewers.go:40.2,40.35 1 1
github.com/mishasvintus/avito_backend_internship/internal/repository/pr/open_with_reviewers.go:40.35,42.3 1 0
github.com/mishasvintus/avito_backend_internship/internal/repository/pr/open_with_reviewers.go:44.2,44.20 1 1
github.com/mishasvintus/avito_backend_internship/internal/repository/pr/pr.go:13.65,20.16 4 1
github.com/mishasvintus/avito_backend_internship/internal/repository/pr/pr.go:20.16,22.3 1 1
github.com/mishasvintus/avito_backend_internship/internal/repository/pr/pr.go:23.2,23.12 1 1
github.com/mishasvintus/avito_backend_internship/internal/repository/pr/pr.go:27.70,30.16 3 1
github.com/mishasvintus/avito_backend_internship/internal/repository/pr/pr.go:30.16,32.3 1 0
github.com/mishasvintus/avito_backend_internship/internal/repository/pr/pr.go:33.2,33.12 1 1
github.com/mishasvintus/avito_backend_internship/internal/repository/pr/pr.go:37.74,53.16 4 1
github.com/mishasvintus/avito_backend_internship/internal/repository/pr/pr.go:53.16,54.27 1 1
github.com/mishasvintus/avito_backend_internship/internal/repository/pr/pr.go:54.27,56.4 1 1
github.com/mishasvintus/avito_backend_internship/internal/repository/pr/pr.go:57.3,57.64 1 0
github.com/mishasvintus/avito_backend_internship/internal/repository/pr/pr.go:61.2,67.16 3 1
github.com/mishasvintus/avito_backend_internship/internal/repository/pr/pr.go:67.16,69.3 1 0
github.com/mishasvintus/avito_backend_internship/internal/repository/pr/pr.go:70.2,73.18 3 1
github.com/mishasvintus/avito_backend_internship/internal/repository/pr/pr.go:73.18,75.48 2 1
github.com/mishasvintus/avito_backend_internship/internal/repository/pr/pr.go:75.48,77.4 1 0
github.com/mishasvintus/avito_backend_internship/internal/repository/pr/pr.go:78.3,78.44 1 1
github.com/mishasvintus/avito_backend_internship/internal/repository/pr/pr.go:81.2,81.35 1 1
github.com/mishasvintus/avito_backend_internship/internal/repository/pr/pr.go:81.35,83.3 1 0
github.com/mishasvintus/avito_backend_internship/internal/repository/pr/pr.go:85.2,86.16 2 1
github.com/mishasvintus/avito_backend_internship/internal/repository/pr/pr.go:90.88,99.16 3 1
github.com/mishasvintus/avito_backend_internship/internal/repository/pr/pr.go:99.16,101.3 1 0
github.com/mishasvintus/avito_backend_internship/internal/repository/pr/pr.go:102.2,105.18 3 1
github.com/mishasvintus/avito_backend_internship/internal/repository/pr/pr.go:105.18,107.97 2 1
github.com/mishasvintus/avito_backend_internship/internal/repository/pr/pr.go:107.97,109.4 1 0
github.com/mishasvintus/avito_backend_internship/internal/repository/pr/pr.go:110.3,110.23 1 1
github.com/mishasvintus/avito_backend_internship/internal/repository/pr/pr.go:113.2,113.35 1 1
github.com/mishasvintus/avito_backend_internship/internal/repository/pr/pr.go:113.35,115.3 1 0
github.com/mishasvintus/avito_backend_internship/internal/repository/pr/pr.go:117.2,117.17 1 1
github.com/mishasvintus/avito_backend_internship/internal/repository/pr/pr.go:122.68,130.16 4 1
github.com/mishasvintus/avito_backend_internship/internal/repository/pr/pr.go:130.16,132.3 1 0
github.com/mishasvintus/avito_backend_internship/internal/repository/pr/pr.go:134.2,135.16 2 1
github.com/mishasvintus/avito_backend_internship/internal/repository/pr/pr.go:135.16,137.3 1 0
github.com/mishasvintus/avito_backend_internship/internal/repository/pr/pr.go:139.2,139.23 1 1
github.com/mishasvintus/avito_backend_internship/internal/repository/pr/pr.go:139.23,141.3 1 0
github.com/mishasvintus/avito_backend_internship/internal/repository/pr/pr.go:143.2,143.12 1 1
github.com/mishasvintus/avito_backend_internship/internal/repository/pr/pr.go:147.63,150.16 3 0
github.com/mishasvintus/avito_backend_internship/internal/repository/pr/pr.go:150.16,152.3 1 0
github.com/mishasvintus/avito_backend_internship/internal/repository/pr/pr.go:153.2,153.12 1 0
github.com/mishasvintus/avito_backend_internship/internal/repository/pr/pr.go:157.70,160.16 3 1
github.com/mishasvintus/avito_backend_internship/internal/repository/pr/pr.go:160.16,162.3 1 0
github.com/mishasvintus/avito_backend_internship/internal/repository/pr/pr.go:163.2,163.12 1 1
github.com/mishasvintus/avito_backend_internship/internal/repository/pr/pr.go:167.62,171.16 4 0
github.com/mishasvintus/avito_backend_internship/internal/repository/pr/pr.go:171.16,173.3 1 0
github.com/mishasvintus/avito_backend_internship/internal/repository/pr/pr.go:174.2,174.20 1 0
github.com/mishasvintus/avito_backend_internship/internal/repository/pr/pr.go:178.76,182.16 4 1
github.com/mishasvintus/avito_backend_internship/internal/repository/pr/pr.go:182.16,183.27 1 0
github.com/mishasvintus/avito_backend_internship/internal/repository/pr/pr.go:183.27,185.4 1 0
github.com/mishasvintus/avito_backend_internship/internal/repository/pr/pr.go:186.3,186.70 1 0
github.com/mishasvintus/avito_backend_internship/internal/repository/pr/pr.go:188.2,188.20 1 1
github.com/mishasvintus/avito_backend_internship/internal/repository/pr/pr.go:192.82,196.16 4 1
github.com/mishasvintus/avito_backend_internship/internal/repository/pr/pr.go:196.16,198.3 1 0
github.com/mishasvintus/avito_backend_internship/internal/repository/pr/pr.go:199.2,199.20 1 1
github.com/mishasvintus/avito_backend_internship/internal/repository/stats/stats.go:32.69,41.16 3 1
github.com/mishasvintus/avito_backend_internship/internal/repository/stats/stats.go:41.16,43.3 1 0
github.com/mishasvintus/avito_backend_internship/internal/repository/stats/stats.go:44.2,47.18 3 1
github.com/mishasvintus/avito_backend_internship/internal/repository/stats/stats.go:47.18,49.78 2 1
github.com/mishasvintus/avito_backend_internship/internal/repository/stats/stats.go:49.78,51.4 1 0
github.com/mishasvintus/avito_backend_internship/internal/repository/stats/stats.go:52.3,52.30 1 1
github.com/mishasvintus/avito_backend_internship/internal/repository/stats/stats.go:55.2,55.35 1 1
github.com/mishasvintus/avito_backend_internship/internal/repository/stats/stats.go:55.35,57.3 1 0
github.com/mishasvintus/avito_backend_internship/internal/repository/stats/stats.go:59.2,59.19 1 1
github.com/mishasvintus/avito_backend_internship/internal/repository/stats/stats.go:63.65,72.16 3 1
github.com/mishasvintus/avito_backend_internship/internal/repository/stats/stats.go:72.16,74.3 1 0
github.com/mishasvintus/avito_backend_internship/internal/repository/stats/stats.go:75.2,78.18 3 1
github.com/mishasvintus/avito_backend_internship/internal/repository/stats/stats.go:78.18,80.78 2 1
github.com/mishasvintus/avito_backend_internship/internal/repository/stats/stats.go:80.78,82.4 1 0
github.com/mishasvintus/avito_backend_internship/internal/repository/stats/stats.go:83.3,83.30 1 1
github.com/mishasvintus/avito_backend_internship/internal/repository/stats/stats.go:86.2,86.35 1 1
github.com/mishasvintus/avito_backend_internship/internal/repository/stats/stats.go:86.35,88.3 1 0
github.com/mishasvintus/avito_backend_internship/internal/repository/stats/stats.go:90.2,90.19 1 1
github.com/mishasvintus/avito_backend_internship/internal/repository/stats/stats.go:94.67,109.16 4 1
github.com/mishasvintus/avito_backend_internship/internal/repository/stats/stats.go:109.16,111.3 1 0
github.com/mishasvintus/avito_backend_internship/internal/repository/stats/stats.go:113.2,113.20 1 1
github.com/mishasvintus/avito_backend_internship/internal/repository/team/team.go:12.58,15.16 3 1
github.com/mishasvintus/avito_backend_internship/internal/repository/team/team.go:15.16,17.3 1 0
github.com/mishasvintus/avito_backend_internship/internal/repository/team/team.go:18.2,18.12 1 1
github.com/mishasvintus/avito_backend_internship/internal/repository/team/team.go:22.71,29.16 3 1
github.com/mishasvintus/avito_backend_internship/internal/repository/team/team.go:29.16,31.3 1 0
github.com/mishasvintus/avito_backend_internship/internal/repository/team/team.go:32.2,35.18 3 1
github.com/mishasvintus/avito_backend_internship/internal/repository/team/team.go:35.18,37.87 2 1
github.com/mishasvintus/avito_backend_internship/internal/repository/team/team.go:37.87,39.4 1 0
github.com/mishasvintus/avito_backend_internship/internal/repository/team/team.go:40.3,40.36 1 1
github.com/mishasvintus/avito_backend_internship/internal/repository/team/team.go:43.2,43.35 1 1
github.com/mishasvintus/avito_backend_internship/internal/repository/team/team.go:43.35,45.3 1 0
github.com/mishasvintus/avito_backend_internship/internal/repository/team/team.go:48.2,48.23 1 1
github.com/mishasvintus/avito_backend_internship/internal/repository/team/team.go:48.23,50.17 2 1
github.com/mishasvintus/avito_backend_internship/internal/repository/team/team.go:50.17,52.4 1 0
github.com/mishasvintus/avito_backend_internship/internal/repository/team/team.go:53.3,53.14 1 1
github.com/mishasvintus/avito_backend_internship/internal/repository/team/team.go:53.14,55.4 1 1
github.com/mishasvintus/avito_backend_internship/internal/repository/team/team.go:58.2,61.8 1 1
github.com/mishasvintus/avito_backend_internship/internal/repository/team/team.go:65.66,69.16 4 1
github.com/mishasvintus/avito_backend_internship/internal/repository/team/team.go:69.16,71.3 1 0
github.com/mishasvintus/avito_backend_internship/internal/repository/team/team.go:72.2,72.20 1 1
github.com/mishasvintus/avito_backend_internship/internal/repository/team/team.go:76.65,79.16 3 1
github.com/mishasvintus/avito_backend_internship/internal/repository/team/team.go:79.16,81.3 1 0
github.com/mishasvintus/avito_backend_internship/internal/repository/team/team.go:82.2,82.12 1 1
github.com/mishasvintus/avito_backend_internship/internal/repository/user/user.go:12.60,18.16 3 1
github.com/mishasvintus/avito_backend_internship/internal/repository/user/user.go:18.16,20.3 1 0
github.com/mishasvintus/avito_backend_internship/internal/repository/user/user.go:21.2,21.12 1 1
github.com/mishasvintus/avito_backend_internship/internal/repository/user/user.go:25.69,38.16 4 1
github.com/mishasvintus/avito_backend_internship/internal/repository/user/user.go:38.16,39.27 1 1
github.com/mishasvintus/avito_backend_internship/internal/repository/user/user.go:39.27,41.4 1 1
github.com/mishasvintus/avito_backend_internship/internal/repository/user/user.go:42.3,42.56 1 0
github.com/mishasvintus/avito_backend_internship/internal/repository/user/user.go:44.2,44.16 1 1
github.com/mishasvintus/avito_backend_internship/internal/repository/user/user.go:48.60,55.16 3 1
github.com/mishasvintus/avito_backend_internship/internal/repository/user/user.go:55.16,57.3 1 0
github.com/mishasvintus/avito_backend_internship/internal/repository/user/user.go:59.2,60.16 2 1
github.com/mishasvintus/avito_backend_internship/internal/repository/user/user.go:60.16,62.3 1 0
github.com/mishasvintus/avito_backend_internship/internal/repository/user/user.go:64.2,64.23 1 1
github.com/mishasvintus/avito_backend_internship/internal/repository/user/user.go:64.23,66.3 1 0
github.com/mishasvintus/avito_backend_internship/internal/repository/user/user.go:68.2,68.12 1 1
github.com/mishasvintus/avito_backend_internship/internal/repository/user/user.go:72.92,86.16 4 1
github.com/mishasvintus/avito_backend_internship/internal/repository/user/user.go:86.16,87.27 1 1
github.com/mishasvintus/avito_backend_internship/internal/repository/user/user.go:87.27,89.4 1 1
github.com/mishasvintus/avito_backend_internship/internal/repository/user/user.go:90.3,90.66 1 0
github.com/mishasvintus/avito_backend_internship/internal/repository/user/user.go:93.2,93.16 1 1
github.com/mishasvintus/avito_backend_internship/internal/repository/user/user.go:97.64,101.16 4 0
github.com/mishasvintus/avito_backend_internship/internal/repository/user/user.go:101.16,103.3 1 0
github.com/mishasvintus/avito_backend_internship/internal/repository/user/user.go:104.2,104.20 1 0
github.com/mishasvintus/avito_backend_internship/internal/repository/user/user.go:108.85,118.16 3 1
github.com/mishasvintus/avito_backend_internship/internal/repository/user/user.go:118.16,120.3 1 0
github.com/mishasvintus/avito_backend_internship/internal/repository/user/user.go:121.2,124.18 3 1
github.com/mishasvintus/avito_backend_internship/internal/repository/user/user.go:124.18,126.85 2 1
github.com/mishasvintus/avito_backend_internship/internal/repository/user/user.go:126.85,128.4 1 0
github.com/mishasvintus/avito_backend_internship/internal/repository/user/user.go:129.3,129.35 1 1
github.com/mishasvintus/avito_backend_internship/internal/repository/user/user.go:132.2,132.35 1 1
github.com/mishasvintus/avito_backend_internship/internal/repository/user/user.go:132.35,134.3 1 0
github.com/mishasvintus/avito_backend_internship/internal/repository/user/user.go:136.2,136.23 1 1
github.com/mishasvintus/avito_backend_internship/internal/service/pr_service.go:20.70,25.2 1 1
github.com/mishasvintus/avito_backend_internship/internal/service/pr_service.go:28.90,30.16 2 1
github.com/mishasvintus/avito_backend_internship/internal/service/pr_service.go:30.16,31.27 1 1
github.com/mishasvintus/avito_backend_internship/internal/service/pr_service.go:31.27,33.4 1 1
github.com/mishasvintus/avito_backend_internship/internal/service/pr_service.go:34.3,34.58 1 0
github.com/mishasvintus/avito_backend_internship/internal/service/pr_service.go:37.2,38.16 2 1
github.com/mishasvintus/avito_backend_internship/internal/service/pr_service.go:38.16,40.3 1 0
github.com/mishasvintus/avito_backend_internship/internal/service/pr_service.go:42.2,43.16 2 1
github.com/mishasvintus/avito_backend_internship/internal/service/pr_service.go:43.16,45.3 1 0
github.com/mishasvintus/avito_backend_internship/internal/service/pr_service.go:47.2,48.16 2 1
github.com/mishasvintus/avito_backend_internship/internal/service/pr_service.go:48.16,50.3 1 0
github.com/mishasvintus/avito_backend_internship/internal/service/pr_service.go:51.2,61.51 3 1
github.com/mishasvintus/avito_backend_internship/internal/service/pr_service.go:61.51,62.40 1 1
github.com/mishasvintus/avito_backend_internship/internal/service/pr_service.go:62.40,64.4 1 1
github.com/mishasvintus/avito_backend_internship/internal/service/pr_service.go:65.3,65.44 1 0
github.com/mishasvintus/avito_backend_internship/internal/service/pr_service.go:65.44,67.4 1 0
github.com/mishasvintus/avito_backend_internship/internal/service/pr_service.go:68.3,68.67 1 0
github.com/mishasvintus/avito_backend_internship/internal/service/pr_service.go:71.2,71.39 1 1
github.com/mishasvintus/avito_backend_internship/internal/service/pr_service.go:71.39,72.65 1 1
github.com/mishasvintus/avito_backend_internship/internal/service/pr_service.go:72.65,73.45 1 0
github.com/mishasvintus/avito_backend_internship/internal/service/pr_service.go:73.45,75.5 1 0
github.com/mishasvintus/avito_backend_internship/internal/service/pr_service.go:76.4,76.64 1 0
github.com/mishasvintus/avito_backend_internship/internal/service/pr_service.go:81.2,81.39 1 1
github.com/mishasvintus/avito_backend_internship/internal/service/pr_service.go:81.39,83.17 2 1
github.com/mishasvintus/avito_backend_internship/internal/service/pr_service.go:83.17,85.4 1 0
github.com/mishasvintus/avito_backend_internship/internal/service/pr_service.go:86.3,86.18 1 1
github.com/mishasvintus/avito_backend_internship/internal/service/pr_service.go:86.18,88.4 1 0
github.com/mishasvintus/avito_backend_internship/internal/service/pr_service.go:91.2,91.36 1 1
github.com/mishasvintus/avito_backend_internship/internal/service/pr_service.go:91.36,93.3 1 0
github.com/mishasvintus/avito_backend_internship/internal/service/pr_service.go:95.2,96.16 2 1
github.com/mishasvintus/avito_backend_internship/internal/service/pr_service.go:96.16,98.3 1 0
github.com/mishasvintus/avito_backend_internship/internal/service/pr_service.go:100.2,100.20 1 1
github.com/mishasvintus/avito_backend_internship/internal/service/pr_service.go:105.71,107.16 2 1
github.com/mishasvintus/avito_backend_internship/internal/service/pr_service.go:107.16,108.27 1 1
github.com/mishasvintus/avito_backend_internship/internal/service/pr_service.go:108.27,110.4 1 1
github.com/mishasvintus/avito_backend_internship/internal/service/pr_service.go:111.3,111.64 1 0
github.com/mishasvintus/avito_backend_internship/internal/service/pr_service.go:114.2,114.47 1 1
github.com/mishasvintus/avito_backend_internship/internal/service/pr_service.go:114.47,116.3 1 1
github.com/mishasvintus/avito_backend_internship/internal/service/pr_service.go:118.2,118.60 1 1
github.com/mishasvintus/avito_backend_internship/internal/service/pr_service.go:118.60,120.3 1 0
github.com/mishasvintus/avito_backend_internship/internal/service/pr_service.go:123.2,124.16 2 1
github.com/mishasvintus/avito_backend_internship/internal/service/pr_service.go:124.16,126.3 1 0
github.com/mishasvintus/avito_backend_internship/internal/service/pr_service.go:128.2,128.22 1 1
github.com/mishasvintus/avito_backend_internship/internal/service/pr_service.go:133.97,135.16 2 1
github.com/mishasvintus/avito_backend_internship/internal/service/pr_service.go:135.16,136.27 1 1
github.com/mishasvintus/avito_backend_internship/internal/service/pr_service.go:136.27,138.4 1 1
github.com/mishasvintus/avito_backend_internship/internal/service/pr_service.go:139.3,139.68 1 0
github.com/mishasvintus/avito_backend_internship/internal/service/pr_service.go:142.2,143.16 2 1
github.com/mishasvintus/avito_backend_internship/internal/service/pr_service.go:143.16,145.3 1 0
github.com/mishasvintus/avito_backend_internship/internal/service/pr_service.go:148.2,153.42 5 1
github.com/mishasvintus/avito_backend_internship/internal/service/pr_service.go:153.42,155.3 1 0
github.com/mishasvintus/avito_backend_internship/internal/service/pr_service.go:156.2,159.16 3 1
github.com/mishasvintus/avito_backend_internship/internal/service/pr_service.go:159.16,161.3 1 0
github.com/mishasvintus/avito_backend_internship/internal/service/pr_service.go:162.2,165.16 3 1
github.com/mishasvintus/avito_backend_internship/internal/service/pr_service.go:165.16,166.27 1 0
github.com/mishasvintus/avito_backend_internship/internal/service/pr_service.go:166.27,168.4 1 0
github.com/mishasvintus/avito_backend_internship/internal/service/pr_service.go:169.3,169.67 1 0
github.com/mishasvintus/avito_backend_internship/internal/service/pr_service.go:172.2,172.33 1 1
github.com/mishasvintus/avito_backend_internship/internal/service/pr_service.go:172.33,174.3 1 1
github.com/mishasvintus/avito_backend_internship/internal/service/pr_service.go:176.2,177.16 2 1
github.com/mishasvintus/avito_backend_internship/internal/service/pr_service.go:177.16,179.3 1 0
github.com/mishasvintus/avito_backend_internship/internal/service/pr_service.go:181.2,181.17 1 1
github.com/mishasvintus/avito_backend_internship/internal/service/pr_service.go:181.17,183.3 1 1
github.com/mishasvintus/avito_backend_internship/internal/service/pr_service.go:185.2,185.67 1 1
github.com/mishasvintus/avito_backend_internship/internal/service/pr_service.go:185.67,187.3 1 0
github.com/mishasvintus/avito_backend_internship/internal/service/pr_service.go:189.2,189.67 1 1
github.com/mishasvintus/avito_backend_internship/internal/service/pr_service.go:189.67,190.44 1 0
github.com/mishasvintus/avito_backend_internship/internal/service/pr_service.go:190.44,192.4 1 0
github.com/mishasvintus/avito_backend_internship/internal/service/pr_service.go:193.3,193.67 1 0
github.com/mishasvintus/avito_backend_internship/internal/service/pr_service.go:197.2,198.16 2 1
github.com/mishasvintus/avito_backend_internship/internal/service/pr_service.go:198.16,200.3 1 0
github.com/mishasvintus/avito_backend_internship/internal/service/pr_service.go:201.2,201.17 1 1
github.com/mishasvintus/avito_backend_internship/internal/service/pr_service.go:201.17,203.3 1 0
github.com/mishasvintus/avito_backend_internship/internal/service/pr_service.go:205.2,205.36 1 1
github.com/mishasvintus/avito_backend_internship/internal/service/pr_service.go:205.36,207.3 1 0
github.com/mishasvintus/avito_backend_internship/internal/service/pr_service.go:209.2,210.16 2 1
github.com/mishasvintus/avito_backend_internship/internal/service/pr_service.go:210.16,212.3 1 0
github.com/mishasvintus/avito_backend_internship/internal/service/pr_service.go:214.2,214.38 1 1
github.com/mishasvintus/avito_backend_internship/internal/service/reviewer_assigner.go:15.46,17.2 1 1
github.com/mishasvintus/avito_backend_internship/internal/service/reviewer_assigner.go:21.87,22.25 1 1
github.com/mishasvintus/avito_backend_internship/internal/service/reviewer_assigner.go:22.25,24.3 1 0
github.com/mishasvintus/avito_backend_internship/internal/service/reviewer_assigner.go:26.2,26.25 1 1
github.com/mishasvintus/avito_backend_internship/internal/service/reviewer_assigner.go:26.25,28.34 2 1
github.com/mishasvintus/avito_backend_internship/internal/service/reviewer_assigner.go:28.34,30.4 1 1
github.com/mishasvintus/avito_backend_internship/internal/service/reviewer_assigner.go:31.3,31.24 1 1
github.com/mishasvintus/avito_backend_internship/internal/service/reviewer_assigner.go:34.2,37.25 3 1
github.com/mishasvintus/avito_backend_internship/internal/service/reviewer_assigner.go:37.25,39.17 2 1
github.com/mishasvintus/avito_backend_internship/internal/service/reviewer_assigner.go:39.17,41.4 1 0
github.com/mishasvintus/avito_backend_internship/internal/service/reviewer_assigner.go:43.3,43.21 1 1
github.com/mishasvintus/avito_backend_internship/internal/service/reviewer_assigner.go:43.21,46.4 2 1
github.com/mishasvintus/avito_backend_internship/internal/service/reviewer_assigner.go:49.2,49.23 1 1
github.com/mishasvintus/avito_backend_internship/internal/service/reviewer_assigner.go:53.116,55.32 2 1
github.com/mishasvintus/avito_backend_internship/internal/service/reviewer_assigner.go:55.32,57.3 1 1
github.com/mishasvintus/avito_backend_internship/internal/service/reviewer_assigner.go:59.2,60.33 2 1
github.com/mishasvintus/avito_backend_internship/internal/service/reviewer_assigner.go:60.33,61.56 1 1
github.com/mishasvintus/avito_backend_internship/internal/service/reviewer_assigner.go:61.56,63.4 1 1
github.com/mishasvintus/avito_backend_internship/internal/service/reviewer_assigner.go:66.2,66.26 1 1
github.com/mishasvintus/avito_backend_internship/internal/service/reviewer_assigner.go:66.26,68.3 1 0
github.com/mishasvintus/avito_backend_internship/internal/service/reviewer_assigner.go:70.2,70.38 1 1
github.com/mishasvintus/avito_backend_internship/internal/service/reviewer_assigner.go:74.42,76.16 2 1
github.com/mishasvintus/avito_backend_internship/internal/service/reviewer_assigner.go:76.16,78.3 1 0
github.com/mishasvintus/avito_backend_internship/internal/service/reviewer_assigner.go:79.2,79.31 1 1
github.com/mishasvintus/avito_backend_internship/internal/service/stats_service.go:16.48,18.2 1 1
github.com/mishasvintus/avito_backend_internship/internal/service/stats_service.go:28.61,30.16 2 1
github.com/mishasvintus/avito_backend_internship/internal/service/stats_service.go:30.16,32.3 1 0
github.com/mishasvintus/avito_backend_internship/internal/service/stats_service.go:34.2,35.16 2 1
github.com/mishasvintus/avito_backend_internship/internal/service/stats_service.go:35.16,37.3 1 0
github.com/mishasvintus/avito_backend_internship/internal/service/stats_service.go:39.2,40.16 2 1
github.com/mishasvintus/avito_backend_internship/internal/service/stats_service.go:40.16,42.3 1 0
github.com/mishasvintus/avito_backend_internship/internal/service/stats_service.go:44.2,48.8 1 1
github.com/mishasvintus/avito_backend_internship/internal/service/team_service.go:19.46,21.2 1 1
github.com/mishasvintus/avito_backend_internship/internal/service/team_service.go:24.86,26.16 2 1
github.com/mishasvintus/avito_backend_internship/internal/service/team_service.go:26.16,28.3 1 0
github.com/mishasvintus/avito_backend_internship/internal/service/team_service.go:29.2,33.16 3 1
github.com/mishasvintus/avito_backend_internship/internal/service/team_service.go:33.16,35.3 1 0
github.com/mishasvintus/avito_backend_internship/internal/service/team_service.go:36.2,36.12 1 1
github.com/mishasvintus/avito_backend_internship/internal/service/team_service.go:36.12,38.3 1 1
github.com/mishasvintus/avito_backend_internship/internal/service/team_service.go:41.2,41.50 1 1
github.com/mishasvintus/avito_backend_internship/internal/service/team_service.go:41.50,43.3 1 0
github.com/mishasvintus/avito_backend_internship/internal/service/team_service.go:46.2,46.33 1 1
github.com/mishasvintus/avito_backend_internship/internal/service/team_service.go:46.33,56.41 3 1
github.com/mishasvintus/avito_backend_internship/internal/service/team_service.go:56.41,58.4 1 0
github.com/mishasvintus/avito_backend_internship/internal/service/team_service.go:60.3,60.26 1 1
github.com/mishasvintus/avito_backend_internship/internal/service/team_service.go:60.26,61.46 1 1
github.com/mishasvintus/avito_backend_internship/internal/service/team_service.go:61.46,63.5 1 0
github.com/mishasvintus/avito_backend_internship/internal/service/team_service.go:64.9,65.46 1 1
github.com/mishasvintus/avito_backend_internship/internal/service/team_service.go:65.46,67.5 1 0
github.com/mishasvintus/avito_backend_internship/internal/service/team_service.go:71.2,71.36 1 1
github.com/mishasvintus/avito_backend_internship/internal/service/team_service.go:71.36,73.3 1 0
github.com/mishasvintus/avito_backend_internship/internal/service/team_service.go:75.2,75.12 1 1
github.com/mishasvintus/avito_backend_internship/internal/service/team_service.go:79.70,81.16 2 1
github.com/mishasvintus/avito_backend_internship/internal/service/team_service.go:81.16,82.27 1 1
github.com/mishasvintus/avito_backend_internship/internal/service/team_service.go:82.27,84.4 1 1
github.com/mishasvintus/avito_backend_internship/internal/service/team_service.go:85.3,85.56 1 0
github.com/mishasvintus/avito_backend_internship/internal/service/team_service.go:87.2,87.15 1 1
github.com/mishasvintus/avito_backend_internship/internal/service/team_service.go:91.61,94.16 2 1
github.com/mishasvintus/avito_backend_internship/internal/service/team_service.go:94.16,95.27 1 1
github.com/mishasvintus/avito_backend_internship/internal/service/team_service.go:95.27,97.4 1 1
github.com/mishasvintus/avito_backend_internship/internal/service/team_service.go:98.3,98.53 1 0
github.com/mishasvintus/avito_backend_internship/internal/service/team_service.go:101.2,102.16 2 1
github.com/mishasvintus/avito_backend_internship/internal/service/team_service.go:102.16,104.3 1 0
github.com/mishasvintus/avito_backend_internship/internal/service/team_service.go:105.2,108.57 2 1
github.com/mishasvintus/avito_backend_internship/internal/service/team_service.go:108.57,110.3 1 0
github.com/mishasvintus/avito_backend_internship/internal/service/team_service.go:113.2,114.16 2 1
github.com/mishasvintus/avito_backend_internship/internal/service/team_service.go:114.16,116.3 1 0
github.com/mishasvintus/avito_backend_internship/internal/service/team_service.go:119.2,119.45 1 1
github.com/mishasvintus/avito_backend_internship/internal/service/team_service.go:119.45,121.94 1 1
github.com/mishasvintus/avito_backend_internship/internal/service/team_service.go:121.94,123.4 1 0
github.com/mishasvintus/avito_backend_internship/internal/service/team_service.go:126.3,127.17 2 1
github.com/mishasvintus/avito_backend_internship/internal/service/team_service.go:127.17,129.4 1 0
github.com/mishasvintus/avito_backend_internship/internal/service/team_service.go:132.3,133.17 2 1
github.com/mishasvintus/avito_backend_internship/internal/service/team_service.go:133.17,135.4 1 0
github.com/mishasvintus/avito_backend_internship/internal/service/team_service.go:138.3,139.38 2 1
github.com/mishasvintus/avito_backend_internship/internal/service/team_service.go:139.38,141.61 2 1
github.com/mishasvintus/avito_backend_internship/internal/service/team_service.go:141.61,142.38 1 0
github.com/mishasvintus/avito_backend_internship/internal/service/team_service.go:142.38,144.11 2 0
github.com/mishasvintus/avito_backend_internship/internal/service/team_service.go:147.4,147.19 1 1
github.com/mishasvintus/avito_backend_internship/internal/service/team_service.go:147.19,149.5 1 1
github.com/mishasvintus/avito_backend_internship/internal/service/team_service.go:153.3,153.26 1 1
github.com/mishasvintus/avito_backend_internship/internal/service/team_service.go:153.26,154.88 1 1
github.com/mishasvintus/avito_backend_internship/internal/service/team_service.go:154.88,156.5 1 0
github.com/mishasvintus/avito_backend_internship/internal/service/team_service.go:161.2,161.36 1 1
github.com/mishasvintus/avito_backend_internship/internal/service/team_service.go:161.36,163.3 1 0
github.com/mishasvintus/avito_backend_internship/internal/service/team_service.go:165.2,165.12 1 1
github.com/mishasvintus/avito_backend_internship/internal/service/user_service.go:18.46,20.2 1 1
github.com/mishasvintus/avito_backend_internship/internal/service/user_service.go:23.87,25.16 2 1
github.com/mishasvintus/avito_backend_internship/internal/service/user_service.go:25.16,26.27 1 1
github.com/mishasvintus/avito_backend_internship/internal/service/user_service.go:26.27,28.4 1 1
github.com/mishasvintus/avito_backend_internship/internal/service/user_service.go:29.3,29.66 1 0
github.com/mishasvintus/avito_backend_internship/internal/service/user_service.go:32.2,32.15 1 1
github.com/mishasvintus/avito_backend_internship/internal/service/user_service.go:36.88,38.16 2 1
github.com/mishasvintus/avito_backend_internship/internal/service/user_service.go:38.16,40.3 1 0
github.com/mishasvintus/avito_backend_internship/internal/service/user_service.go:42.2,42.17 1 1
