mode: set
github.com/mishasvintus/avito_backend_internship/internal/domain/pull_request.go:20.46,22.23 2 1
github.com/mishasvintus/avito_backend_internship/internal/domain/pull_request.go:22.23,24.3 1 1
github.com/mishasvintus/avito_backend_internship/internal/domain/pull_request.go:25.2,25.20 1 1
github.com/mishasvintus/avito_backend_internship/internal/domain/pull_request.go:29.34,31.2 1 1
github.com/mishasvintus/avito_backend_internship/internal/domain/pull_request.go:34.42,35.18 1 1
github.com/mishasvintus/avito_backend_internship/internal/domain/pull_request.go:35.18,37.3 1 1
github.com/mishasvintus/avito_backend_internship/internal/domain/pull_request.go:39.2,40.27 2 1
github.com/mishasvintus/avito_backend_internship/internal/domain/pull_request.go:41.14,42.10 1 1
github.com/mishasvintus/avito_backend_internship/internal/domain/pull_request.go:43.14,44.18 1 1
github.com/mishasvintus/avito_backend_internship/internal/domain/pull_request.go:45.10,46.59 1 1
github.com/mishasvintus/avito_backend_internship/internal/domain/pull_request.go:49.2,50.16 2 1
github.com/mishasvintus/avito_backend_internship/internal/domain/pull_request.go:50.16,52.3 1 1
github.com/mishasvintus/avito_backend_internship/internal/domain/pull_request.go:53.2,54.12 2 1
github.com/mishasvintus/avito_backend_internship/internal/domain/pull_request.go:58.49,59.18 1 1
github.com/mishasvintus/avito_backend_internship/internal/domain/pull_request.go:59.18,61.3 1 1
github.com/mishasvintus/avito_backend_internship/internal/domain/pull_request.go:62.2,62.23 1 1
github.com/mishasvintus/avito_backend_internship/internal/handler/pr_handler.go:20.60,22.2 1 1
github.com/mishasvintus/avito_backend_internship/internal/handler/pr_handler.go:25.46,28.47 2 1
github.com/mishasvintus/avito_backend_internship/internal/handler/pr_handler.go:28.47,31.3 2 1
github.com/mishasvintus/avito_backend_internship/internal/handler/pr_handler.go:33.2,34.16 2 1
github.com/mishasvintus/avito_backend_internship/internal/handler/pr_handler.go:34.16,35.42 1 1
github.com/mishasvintus/avito_backend_internship/internal/handler/pr_handler.go:35.42,38.4 2 1
github.com/mishasvintus/avito_backend_internship/internal/handler/pr_handler.go:39.3,39.50 1 1
github.com/mishasvintus/avito_backend_internship/internal/handler/pr_handler.go:39.50,42.4 2 1
github.com/mishasvintus/avito_backend_internship/internal/handler/pr_handler.go:43.3,43.50 1 1
github.com/mishasvintus/avito_backend_internship/internal/handler/pr_handler.go:43.50,46.4 2 1
github.com/mishasvintus/avito_backend_internship/internal/handler/pr_handler.go:47.3,48.9 2 1
github.com/mishasvintus/avito_backend_internship/internal/handler/pr_handler.go:51.2,53.4 1 1
github.com/mishasvintus/avito_backend_internship/internal/handler/pr_handler.go:57.45,60.47 2 1
github.com/mishasvintus/avito_backend_internship/internal/handler/pr_handler.go:60.47,63.3 2 1
github.com/mishasvintus/avito_backend_internship/internal/handler/pr_handler.go:65.2,66.16 2 1
github.com/mishasvintus/avito_backend_internship/internal/handler/pr_handler.go:66.16,67.44 1 1
github.com/mishasvintus/avito_backend_internship/internal/handler/pr_handler.go:67.44,70.4 2 1
github.com/mishasvintus/avito_backend_internship/internal/handler/pr_handler.go:71.3,72.9 2 1
github.com/mishasvintus/avito_backend_internship/internal/handler/pr_handler.go:75.2,77.4 1 1
github.com/mishasvintus/avito_backend_internship/internal/handler/pr_handler.go:81.48,84.47 2 1
github.com/mishasvintus/avito_backend_internship/internal/handler/pr_handler.go:84.47,87.3 2 1
github.com/mishasvintus/avito_backend_internship/internal/handler/pr_handler.go:89.2,90.16 2 1
github.com/mishasvintus/avito_backend_internship/internal/handler/pr_handler.go:90.16,91.91 1 1
github.com/mishasvintus/avito_backend_internship/internal/handler/pr_handler.go:91.91,94.4 2 1
github.com/mishasvintus/avito_backend_internship/internal/handler/pr_handler.go:95.3,95.42 1 1
github.com/mishasvintus/avito_backend_internship/internal/handler/pr_handler.go:95.42,98.4 2 1
github.com/mishasvintus/avito_backend_internship/internal/handler/pr_handler.go:99.3,99.53 1 1
github.com/mishasvintus/avito_backend_internship/internal/handler/pr_handler.go:99.53,102.4 2 1
github.com/mishasvintus/avito_backend_internship/internal/handler/pr_handler.go:103.3,103.45 1 1
github.com/mishasvintus/avito_backend_internship/internal/handler/pr_handler.go:103.45,106.4 2 1
github.com/mishasvintus/avito_backend_internship/internal/handler/pr_handler.go:107.3,107.50 1 1
github.com/mishasvintus/avito_backend_internship/internal/handler/pr_handler.go:107.50,110.4 2 1
github.com/mishasvintus/avito_backend_internship/internal/handler/pr_handler.go:111.3,112.9 2 1
github.com/mishasvintus/avito_backend_internship/internal/handler/pr_handler.go:115.2,118.4 1 1
github.com/mishasvintus/avito_backend_internship/internal/handler/pr_handler.go:122.61,132.25 2 1
github.com/mishasvintus/avito_backend_internship/internal/handler/pr_handler.go:132.25,134.3 1 1
github.com/mishasvintus/avito_backend_internship/internal/handler/pr_handler.go:135.2,135.24 1 1
github.com/mishasvintus/avito_backend_internship/internal/handler/pr_handler.go:135.24,137.3 1 1
github.com/mishasvintus/avito_backend_internship/internal/handler/pr_handler.go:139.2,139.13 1 1
github.com/mishasvintus/avito_backend_internship/internal/handler/response.go:117.76,127.2 1 1
github.com/mishasvintus/avito_backend_internship/internal/handler/response.go:130.47,132.2 1 1
github.com/mishasvintus/avito_backend_internship/internal/handler/response.go:135.63,137.2 1 1
github.com/mishasvintus/avito_backend_internship/internal/handler/response.go:140.49,150.2 1 1
github.com/mishasvintus/avito_backend_internship/internal/handler/response.go:153.52,163.2 1 1
github.com/mishasvintus/avito_backend_internship/internal/handler/stats_handler.go:22.72,24.2 1 1
github.com/mishasvintus/avito_backend_internship/internal/handler/stats_handler.go:27.54,29.16 2 1
github.com/mishasvintus/avito_backend_internship/internal/handler/stats_handler.go:29.16,32.3 2 1
github.com/mishasvintus/avito_backend_internship/internal/handler/stats_handler.go:34.2,50.41 2 1
github.com/mishasvintus/avito_backend_internship/internal/handler/stats_handler.go:50.41,56.3 1 1
github.com/mishasvintus/avito_backend_internship/internal/handler/stats_handler.go:58.2,58.39 1 1
github.com/mishasvintus/avito_backend_internship/internal/handler/stats_handler.go:58.39,64.3 1 1
github.com/mishasvintus/avito_backend_internship/internal/handler/stats_handler.go:66.2,66.33 1 1
github.com/mishasvintus/avito_backend_internship/internal/handler/team_handler.go:18.68,20.2 1 1
github.com/mishasvintus/avito_backend_internship/internal/handler/team_handler.go:23.47,26.47 2 1
github.com/mishasvintus/avito_backend_internship/internal/handler/team_handler.go:26.47,29.3 2 1
github.com/mishasvintus/avito_backend_internship/internal/handler/team_handler.go:31.2,32.16 2 1
github.com/mishasvintus/avito_backend_internship/internal/handler/team_handler.go:32.16,33.44 1 1
github.com/mishasvintus/avito_backend_internship/internal/handler/team_handler.go:33.44,36.4 2 1
github.com/mishasvintus/avito_backend_internship/internal/handler/team_handler.go:37.3,38.9 2 1
github.com/mishasvintus/avito_backend_internship/internal/handler/team_handler.go:41.2,42.16 2 1
github.com/mishasvintus/avito_backend_internship/internal/handler/team_handler.go:42.16,45.3 2 1
github.com/mishasvintus/avito_backend_internship/internal/handler/team_handler.go:47.2,48.33 2 1
github.com/mishasvintus/avito_backend_internship/internal/handler/team_handler.go:48.33,54.3 1 1
github.com/mishasvintus/avito_backend_internship/internal/handler/team_handler.go:56.2,61.4 1 1
github.com/mishasvintus/avito_backend_internship/internal/handler/team_handler.go:65.47,67.20 2 1
github.com/mishasvintus/avito_backend_internship/internal/handler/team_handler.go:67.20,70.3 2 1
github.com/mishasvintus/avito_backend_internship/internal/handler/team_handler.go:72.2,73.16 2 1
github.com/mishasvintus/avito_backend_internship/internal/handler/team_handler.go:73.16,74.46 1 1
github.com/mishasvintus/avito_backend_internship/internal/handler/team_handler.go:74.46,77.4 2 1
github.com/mishasvintus/avito_backend_internship/internal/handler/team_handler.go:78.3,79.9 2 1
github.com/mishasvintus/avito_backend_internship/internal/handler/team_handler.go:82.2,83.33 2 1
github.com/mishasvintus/avito_backend_internship/internal/handler/team_handler.go:83.33,89.3 1 1
github.com/mishasvintus/avito_backend_internship/internal/handler/team_handler.go:91.2,94.4 1 1
github.com/mishasvintus/avito_backend_internship/internal/handler/team_handler.go:98.54,101.47 2 1
github.com/mishasvintus/avito_backend_internship/internal/handler/team_handler.go:101.47,104.3 2 1
github.com/mishasvintus/avito_backend_internship/internal/handler/team_handler.go:106.2,107.16 2 1
github.com/mishasvintus/avito_backend_internship/internal/handler/team_handler.go:107.16,108.46 1 1
github.com/mishasvintus/avito_backend_internship/internal/handler/team_handler.go:108.46,111.4 2 1
github.com/mishasvintus/avito_backend_internship/internal/handler/team_handler.go:112.3,113.9 2 1
github.com/mishasvintus/avito_backend_internship/internal/handler/team_handler.go:116.2,116.74 1 1
github.com/mishasvintus/avito_backend_internship/internal/handler/user_handler.go:18.68,20.2 1 1
github.com/mishasvintus/avito_backend_internship/internal/handler/user_handler.go:23.51,26.47 2 1
github.com/mishasvintus/avito_backend_internship/internal/handler/user_handler.go:26.47,29.3 2 1
github.com/mishasvintus/avito_backend_internship/internal/handler/user_handler.go:31.2,32.16 2 1
github.com/mishasvintus/avito_backend_internship/internal/handler/user_handler.go:32.16,33.46 1 1
github.com/mishasvintus/avito_backend_internship/internal/handler/user_handler.go:33.46,36.4 2 1
github.com/mishasvintus/avito_backend_internship/internal/handler/user_handler.go:37.3,38.9 2 1
github.com/mishasvintus/avito_backend_internship/internal/handler/user_handler.go:41.2,48.4 1 1
github.com/mishasvintus/avito_backend_internship/internal/handler/user_handler.go:52.49,54.18 2 1
github.com/mishasvintus/avito_backend_internship/internal/handler/user_handler.go:54.18,57.3 2 1
github.com/mishasvintus/avito_backend_internship/internal/handler/user_handler.go:59.2,60.16 2 1
github.com/mishasvintus/avito_backend_internship/internal/handler/user_handler.go:60.16,63.3 2 1
github.com/mishasvintus/avito_backend_internship/internal/handler/user_handler.go:66.2,67.24 2 1
github.com/mishasvintus/avito_backend_internship/internal/handler/user_handler.go:67.24,75.3 1 1
github.com/mishasvintus/avito_backend_internship/internal/handler/user_handler.go:77.2,80.4 1 1
github.com/mishasvintus/avito_backend_internship/internal/repository/db.go:12.49,14.16 2 0
github.com/mishasvintus/avito_backend_internship/internal/repository/db.go:14.16,16.3 1 0
github.com/mishasvintus/avito_backend_internship/internal/repository/db.go:18.2,22.33 4 0
github.com/mishasvintus/avito_backend_internship/internal/repository/db.go:22.33,24.3 1 0
github.com/mishasvintus/avito_backend_internship/internal/repository/db.go:26.2,26.16 1 0
github.com/mishasvintus/avito_backend_internship/internal/repository/errors.go:11.40,13.28 2 0
github.com/mishasvintus/avito_backend_internship/internal/repository/errors.go:13.28,15.3 1 0
github.com/mishasvintus/avito_backend_internship/internal/repository/errors.go:16.2,16.14 1 0
github.com/mishasvintus/avito_backend_internship/internal/repository/errors.go:21.44,23.28 2 0
github.com/mishasvintus/avito_backend_internship/internal/repository/errors.go:23.28,25.3 1 0
github.com/mishasvintus/avito_backend_internship/internal/repository/errors.go:26.2,26.14 1 0
github.com/mishasvintus/avito_backend_internship/internal/repository/pr/open_with_reviewers.go:11.106,20.16 3 0
github.com/mishasvintus/avito_backend_internship/internal/repository/pr/open_with_reviewers.go:20.16,22.3 1 0
github.com/mishasvintus/avito_backend_internship/internal/repository/pr/open_with_reviewers.go:23.2,23.15 1 0
github.com/mishasvintus/avito_backend_internship/internal/repository/pr/open_with_reviewers.go:23.15,23.35 1 0
github.com/mishasvintus/avito_backend_internship/internal/repository/pr/open_with_reviewers.go:25.2,26.18 2 0
github.com/mishasvintus/avito_backend_internship/internal/repository/pr/open_with_reviewers.go:26.18,28.55 2 0
github.com/mishasvintus/avito_backend_internship/internal/repository/pr/open_with_reviewers.go:28.55,30.4 1 0
github.com/mishasvintus/avito_backend_internship/internal/repository/pr/open_with_reviewers.go:31.3,31.46 1 0
github.com/mishasvintus/avito_backend_internship/internal/repository/pr/open_with_reviewers.go:34.2,34.35 1 0
github.com/mishasvintus/avito_backend_internship/internal/repository/pr/open_with_reviewers.go:34.35,36.3 1 0
github.com/mishasvintus/avito_backend_internship/internal/repository/pr/open_with_reviewers.go:38.2,38.18 1 0
github.com/mishasvintus/avito_backend_internship/internal/repository/pr/pr.go:17.65,24.16 4 0
github.com/mishasvintus/avito_backend_internship/internal/repository/pr/pr.go:24.16,26.3 1 0
github.com/mishasvintus/avito_backend_internship/internal/repository/pr/pr.go:27.2,27.12 1 0
github.com/mishasvintus/avito_backend_internship/internal/repository/pr/pr.go:31.70,34.16 3 0
github.com/mishasvintus/avito_backend_internship/internal/repository/pr/pr.go:34.16,36.3 1 0
github.com/mishasvintus/avito_backend_internship/internal/repository/pr/pr.go:37.2,37.12 1 0
github.com/mishasvintus/avito_backend_internship/internal/repository/pr/pr.go:41.74,58.16 4 0
github.com/mishasvintus/avito_backend_internship/internal/repository/pr/pr.go:58.16,59.27 1 0
github.com/mishasvintus/avito_backend_internship/internal/repository/pr/pr.go:59.27,61.4 1 0
github.com/mishasvintus/avito_backend_internship/internal/repository/pr/pr.go:62.3,62.64 1 0
github.com/mishasvintus/avito_backend_internship/internal/repository/pr/pr.go:66.2,72.16 3 0
github.com/mishasvintus/avito_backend_internship/internal/repository/pr/pr.go:72.16,74.3 1 0
github.com/mishasvintus/avito_backend_internship/internal/repository/pr/pr.go:75.2,75.15 1 0
github.com/mishasvintus/avito_backend_internship/internal/repository/pr/pr.go:75.15,75.35 1 0
github.com/mishasvintus/avito_backend_internship/internal/repository/pr/pr.go:77.2,78.18 2 0
github.com/mishasvintus/avito_backend_internship/internal/repository/pr/pr.go:78.18,80.48 2 0
github.com/mishasvintus/avito_backend_internship/internal/repository/pr/pr.go:80.48,82.4 1 0
github.com/mishasvintus/avito_backend_internship/internal/repository/pr/pr.go:83.3,83.44 1 0
github.com/mishasvintus/avito_backend_internship/internal/repository/pr/pr.go:86.2,86.35 1 0
github.com/mishasvintus/avito_backend_internship/internal/repository/pr/pr.go:86.35,88.3 1 0
github.com/mishasvintus/avito_backend_internship/internal/repository/pr/pr.go:90.2,91.16 2 0
github.com/mishasvintus/avito_backend_internship/internal/repository/pr/pr.go:95.88,104.16 3 0
github.com/mishasvintus/avito_backend_internship/internal/repository/pr/pr.go:104.16,106.3 1 0
github.com/mishasvintus/avito_backend_internship/internal/repository/pr/pr.go:107.2,107.15 1 0
github.com/mishasvintus/avito_backend_internship/internal/repository/pr/pr.go:107.15,107.35 1 0
github.com/mishasvintus/avito_backend_internship/internal/repository/pr/pr.go:109.2,110.18 2 0
github.com/mishasvintus/avito_backend_internship/internal/repository/pr/pr.go:110.18,112.110 2 0
github.com/mishasvintus/avito_backend_internship/internal/repository/pr/pr.go:112.110,114.4 1 0
github.com/mishasvintus/avito_backend_internship/internal/repository/pr/pr.go:115.3,115.23 1 0
github.com/mishasvintus/avito_backend_internship/internal/repository/pr/pr.go:118.2,118.35 1 0
github.com/mishasvintus/avito_backend_internship/internal/repository/pr/pr.go:118.35,120.3 1 0
github.com/mishasvintus/avito_backend_internship/internal/repository/pr/pr.go:122.2,122.17 1 0
github.com/mishasvintus/avito_backend_internship/internal/repository/pr/pr.go:127.68,135.16 4 0
github.com/mishasvintus/avito_backend_internship/internal/repository/pr/pr.go:135.16,137.3 1 0
github.com/mishasvintus/avito_backend_internship/internal/repository/pr/pr.go:139.2,140.16 2 0
github.com/mishasvintus/avito_backend_internship/internal/repository/pr/pr.go:140.16,142.3 1 0
github.com/mishasvintus/avito_backend_internship/internal/repository/pr/pr.go:144.2,144.23 1 0
github.com/mishasvintus/avito_backend_internship/internal/repository/pr/pr.go:144.23,146.3 1 0
github.com/mishasvintus/avito_backend_internship/internal/repository/pr/pr.go:148.2,148.12 1 0
github.com/mishasvintus/avito_backend_internship/internal/repository/pr/pr.go:152.70,155.16 3 0
github.com/mishasvintus/avito_backend_internship/internal/repository/pr/pr.go:155.16,157.3 1 0
github.com/mishasvintus/avito_backend_internship/internal/repository/pr/pr.go:158.2,158.12 1 0
github.com/mishasvintus/avito_backend_internship/internal/repository/pr/pr.go:163.93,174.16 3 0
github.com/mishasvintus/avito_backend_internship/internal/repository/pr/pr.go:174.16,176.3 1 0
github.com/mishasvintus/avito_backend_internship/internal/repository/pr/pr.go:177.2,178.15 2 0
github.com/mishasvintus/avito_backend_internship/internal/repository/pr/pr.go:178.15,180.3 1 0
github.com/mishasvintus/avito_backend_internship/internal/repository/pr/pr.go:181.2,181.12 1 0
github.com/mishasvintus/avito_backend_internship/internal/repository/pr/pr.go:185.76,189.16 4 0
github.com/mishasvintus/avito_backend_internship/internal/repository/pr/pr.go:189.16,190.27 1 0
github.com/mishasvintus/avito_backend_internship/internal/repository/pr/pr.go:190.27,192.4 1 0
github.com/mishasvintus/avito_backend_internship/internal/repository/pr/pr.go:193.3,193.70 1 0
github.com/mishasvintus/avito_backend_internship/internal/repository/pr/pr.go:195.2,195.20 1 0
github.com/mishasvintus/avito_backend_internship/internal/repository/stats/stats.go:32.69,41.16 3 0
github.com/mishasvintus/avito_backend_internship/internal/repository/stats/stats.go:41.16,43.3 1 0
github.com/mishasvintus/avito_backend_internship/internal/repository/stats/stats.go:44.2,44.15 1 0
github.com/mishasvintus/avito_backend_internship/internal/repository/stats/stats.go:44.15,44.35 1 0
github.com/mishasvintus/avito_backend_internship/internal/repository/stats/stats.go:46.2,47.18 2 0
github.com/mishasvintus/avito_backend_internship/internal/repository/stats/stats.go:47.18,49.78 2 0
github.com/mishasvintus/avito_backend_internship/internal/repository/stats/stats.go:49.78,51.4 1 0
github.com/mishasvintus/avito_backend_internship/internal/repository/stats/stats.go:52.3,52.30 1 0
github.com/mishasvintus/avito_backend_internship/internal/repository/stats/stats.go:55.2,55.35 1 0
github.com/mishasvintus/avito_backend_internship/internal/repository/stats/stats.go:55.35,57.3 1 0
github.com/mishasvintus/avito_backend_internship/internal/repository/stats/stats.go:59.2,59.19 1 0
github.com/mishasvintus/avito_backend_internship/internal/repository/stats/stats.go:63.65,72.16 3 0
github.com/mishasvintus/avito_backend_internship/internal/repository/stats/stats.go:72.16,74.3 1 0
github.com/mishasvintus/avito_backend_internship/internal/repository/stats/stats.go:75.2,75.15 1 0
github.com/mishasvintus/avito_backend_internship/internal/repository/stats/stats.go:75.15,75.35 1 0
github.com/mishasvintus/avito_backend_internship/internal/repository/stats/stats.go:77.2,78.18 2 0
github.com/mishasvintus/avito_backend_internship/internal/repository/stats/stats.go:78.18,80.78 2 0
github.com/mishasvintus/avito_backend_internship/internal/repository/stats/stats.go:80.78,82.4 1 0
github.com/mishasvintus/avito_backend_internship/internal/repository/stats/stats.go:83.3,83.30 1 0
github.com/mishasvintus/avito_backend_internship/internal/repository/stats/stats.go:86.2,86.35 1 0
github.com/mishasvintus/avito_backend_internship/internal/repository/stats/stats.go:86.35,88.3 1 0
github.com/mishasvintus/avito_backend_internship/internal/repository/stats/stats.go:90.2,90.19 1 0
github.com/mishasvintus/avito_backend_internship/internal/repository/stats/stats.go:94.67,109.16 4 0
github.com/mishasvintus/avito_backend_internship/internal/repository/stats/stats.go:109.16,111.3 1 0
github.com/mishasvintus/avito_backend_internship/internal/repository/stats/stats.go:113.2,113.20 1 0
github.com/mishasvintus/avito_backend_internship/internal/repository/team/team.go:12.58,15.16 3 0
github.com/mishasvintus/avito_backend_internship/internal/repository/team/team.go:15.16,17.3 1 0
github.com/mishasvintus/avito_backend_internship/internal/repository/team/team.go:18.2,18.12 1 0
github.com/mishasvintus/avito_backend_internship/internal/repository/team/team.go:22.71,29.16 3 0
github.com/mishasvintus/avito_backend_internship/internal/repository/team/team.go:29.16,31.3 1 0
github.com/mishasvintus/avito_backend_internship/internal/repository/team/team.go:32.2,32.15 1 0
github.com/mishasvintus/avito_backend_internship/internal/repository/team/team.go:32.15,32.35 1 0
github.com/mishasvintus/avito_backend_internship/internal/repository/team/team.go:34.2,35.18 2 0
github.com/mishasvintus/avito_backend_internship/internal/repository/team/team.go:35.18,37.87 2 0
github.com/mishasvintus/avito_backend_internship/internal/repository/team/team.go:37.87,39.4 1 0
github.com/mishasvintus/avito_backend_internship/internal/repository/team/team.go:40.3,40.36 1 0
github.com/mishasvintus/avito_backend_internship/internal/repository/team/team.go:43.2,43.35 1 0
github.com/mishasvintus/avito_backend_internship/internal/repository/team/team.go:43.35,45.3 1 0
github.com/mishasvintus/avito_backend_internship/internal/repository/team/team.go:48.2,48.23 1 0
github.com/mishasvintus/avito_backend_internship/internal/repository/team/team.go:48.23,50.17 2 0
github.com/mishasvintus/avito_backend_internship/internal/repository/team/team.go:50.17,52.4 1 0
github.com/mishasvintus/avito_backend_internship/internal/repository/team/team.go:53.3,53.14 1 0
github.com/mishasvintus/avito_backend_internship/internal/repository/team/team.go:53.14,55.4 1 0
github.com/mishasvintus/avito_backend_internship/internal/repository/team/team.go:58.2,61.8 1 0
github.com/mishasvintus/avito_backend_internship/internal/repository/team/team.go:65.66,69.16 4 0
github.com/mishasvintus/avito_backend_internship/internal/repository/team/team.go:69.16,71.3 1 0
github.com/mishasvintus/avito_backend_internship/internal/repository/team/team.go:72.2,72.20 1 0
github.com/mishasvintus/avito_backend_internship/internal/repository/team/team.go:76.65,79.16 3 0
github.com/mishasvintus/avito_backend_internship/internal/repository/team/team.go:79.16,81.3 1 0
github.com/mishasvintus/avito_backend_internship/internal/repository/team/team.go:82.2,82.12 1 0
github.com/mishasvintus/avito_backend_internship/internal/repository/user/user.go:12.60,18.16 3 0
github.com/mishasvintus/avito_backend_internship/internal/repository/user/user.go:18.16,20.3 1 0
github.com/mishasvintus/avito_backend_internship/internal/repository/user/user.go:21.2,21.12 1 0
github.com/mishasvintus/avito_backend_internship/internal/repository/user/user.go:25.69,38.16 4 0
github.com/mishasvintus/avito_backend_internship/internal/repository/user/user.go:38.16,39.27 1 0
github.com/mishasvintus/avito_backend_internship/internal/repository/user/user.go:39.27,41.4 1 0
github.com/mishasvintus/avito_backend_internship/internal/repository/user/user.go:42.3,42.56 1 0
github.com/mishasvintus/avito_backend_internship/internal/repository/user/user.go:44.2,44.16 1 0
github.com/mishasvintus/avito_backend_internship/internal/repository/user/user.go:48.60,55.16 3 0
github.com/mishasvintus/avito_backend_internship/internal/repository/user/user.go:55.16,57.3 1 0
github.com/mishasvintus/avito_backend_internship/internal/repository/user/user.go:59.2,60.16 2 0
github.com/mishasvintus/avito_backend_internship/internal/repository/user/user.go:60.16,62.3 1 0
github.com/mishasvintus/avito_backend_internship/internal/repository/user/user.go:64.2,64.23 1 0
github.com/mishasvintus/avito_backend_internship/internal/repository/user/user.go:64.23,66.3 1 0
github.com/mishasvintus/avito_backend_internship/internal/repository/user/user.go:68.2,68.12 1 0
github.com/mishasvintus/avito_backend_internship/internal/repository/user/user.go:72.92,86.16 4 0
github.com/mishasvintus/avito_backend_internship/internal/repository/user/user.go:86.16,87.27 1 0
github.com/mishasvintus/avito_backend_internship/internal/repository/user/user.go:87.27,89.4 1 0
github.com/mishasvintus/avito_backend_internship/internal/repository/user/user.go:90.3,90.66 1 0
github.com/mishasvintus/avito_backend_internship/internal/repository/user/user.go:93.2,93.16 1 0
github.com/mishasvintus/avito_backend_internship/internal/repository/user/user.go:97.85,107.16 3 0
github.com/mishasvintus/avito_backend_internship/internal/repository/user/user.go:107.16,109.3 1 0
github.com/mishasvintus/avito_backend_internship/internal/repository/user/user.go:110.2,110.15 1 0
github.com/mishasvintus/avito_backend_internship/internal/repository/user/user.go:110.15,110.35 1 0
github.com/mishasvintus/avito_backend_internship/internal/repository/user/user.go:112.2,113.18 2 0
github.com/mishasvintus/avito_backend_internship/internal/repository/user/user.go:113.18,115.85 2 0
github.com/mishasvintus/avito_backend_internship/internal/repository/user/user.go:115.85,117.4 1 0
github.com/mishasvintus/avito_backend_internship/internal/repository/user/user.go:118.3,118.35 1 0
github.com/mishasvintus/avito_backend_internship/internal/repository/user/user.go:121.2,121.35 1 0
github.com/mishasvintus/avito_backend_internship/internal/repository/user/user.go:121.35,123.3 1 0
github.com/mishasvintus/avito_backend_internship/internal/repository/user/user.go:125.2,125.23 1 0
github.com/mishasvintus/avito_backend_internship/internal/repository/user/user.go:129.84,136.16 3 0
github.com/mishasvintus/avito_backend_internship/internal/repository/user/user.go:136.16,138.3 1 0
github.com/mishasvintus/avito_backend_internship/internal/repository/user/user.go:139.2,139.15 1 0
github.com/mishasvintus/avito_backend_internship/internal/repository/user/user.go:139.15,139.35 1 0
github.com/mishasvintus/avito_backend_internship/internal/repository/user/user.go:141.2,142.18 2 0
github.com/mishasvintus/avito_backend_internship/internal/repository/user/user.go:142.18,144.85 2 0
github.com/mishasvintus/avito_backend_internship/internal/repository/user/user.go:144.85,146.4 1 0
github.com/mishasvintus/avito_backend_internship/internal/repository/user/user.go:147.3,147.27 1 0
github.com/mishasvintus/avito_backend_internship/internal/repository/user/user.go:150.2,150.35 1 0
github.com/mishasvintus/avito_backend_internship/internal/repository/user/user.go:150.35,152.3 1 0
github.com/mishasvintus/avito_backend_internship/internal/repository/user/user.go:154.2,154.19 1 0
github.com/mishasvintus/avito_backend_internship/internal/service/pr_service.go:21.70,26.2 1 0
github.com/mishasvintus/avito_backend_internship/internal/service/pr_service.go:29.90,31.16 2 0
github.com/mishasvintus/avito_backend_internship/internal/service/pr_service.go:31.16,32.27 1 0
github.com/mishasvintus/avito_backend_internship/internal/service/pr_service.go:32.27,34.4 1 0
github.com/mishasvintus/avito_backend_internship/internal/service/pr_service.go:35.3,35.58 1 0
github.com/mishasvintus/avito_backend_internship/internal/service/pr_service.go:38.2,39.16 2 0
github.com/mishasvintus/avito_backend_internship/internal/service/pr_service.go:39.16,41.3 1 0
github.com/mishasvintus/avito_backend_internship/internal/service/pr_service.go:43.2,44.16 2 0
github.com/mishasvintus/avito_backend_internship/internal/service/pr_service.go:44.16,46.3 1 0
github.com/mishasvintus/avito_backend_internship/internal/service/pr_service.go:48.2,49.16 2 0
github.com/mishasvintus/avito_backend_internship/internal/service/pr_service.go:49.16,51.3 1 0
github.com/mishasvintus/avito_backend_internship/internal/service/pr_service.go:52.2,52.15 1 0
github.com/mishasvintus/avito_backend_internship/internal/service/pr_service.go:52.15,52.36 1 0
github.com/mishasvintus/avito_backend_internship/internal/service/pr_service.go:54.2,63.51 2 0
github.com/mishasvintus/avito_backend_internship/internal/service/pr_service.go:63.51,64.40 1 0
github.com/mishasvintus/avito_backend_internship/internal/service/pr_service.go:64.40,66.4 1 0
github.com/mishasvintus/avito_backend_internship/internal/service/pr_service.go:67.3,67.44 1 0
github.com/mishasvintus/avito_backend_internship/internal/service/pr_service.go:67.44,69.4 1 0
github.com/mishasvintus/avito_backend_internship/internal/service/pr_service.go:70.3,70.67 1 0
github.com/mishasvintus/avito_backend_internship/internal/service/pr_service.go:73.2,73.39 1 0
github.com/mishasvintus/avito_backend_internship/internal/service/pr_service.go:73.39,74.65 1 0
github.com/mishasvintus/avito_backend_internship/internal/service/pr_service.go:74.65,75.45 1 0
github.com/mishasvintus/avito_backend_internship/internal/service/pr_service.go:75.45,77.5 1 0
github.com/mishasvintus/avito_backend_internship/internal/service/pr_service.go:78.4,78.64 1 0
github.com/mishasvintus/avito_backend_internship/internal/service/pr_service.go:83.2,83.39 1 0
github.com/mishasvintus/avito_backend_internship/internal/service/pr_service.go:83.39,85.17 2 0
github.com/mishasvintus/avito_backend_internship/internal/service/pr_service.go:85.17,87.4 1 0
github.com/mishasvintus/avito_backend_internship/internal/service/pr_service.go:88.3,88.18 1 0
github.com/mishasvintus/avito_backend_internship/internal/service/pr_service.go:88.18,90.4 1 0
github.com/mishasvintus/avito_backend_internship/internal/service/pr_service.go:93.2,93.36 1 0
github.com/mishasvintus/avito_backend_internship/internal/service/pr_service.go:93.36,95.3 1 0
github.com/mishasvintus/avito_backend_internship/internal/service/pr_service.go:97.2,98.16 2 0
github.com/mishasvintus/avito_backend_internship/internal/service/pr_service.go:98.16,100.3 1 0
github.com/mishasvintus/avito_backend_internship/internal/service/pr_service.go:102.2,102.20 1 0
github.com/mishasvintus/avito_backend_internship/internal/service/pr_service.go:109.81,111.16 2 0
github.com/mishasvintus/avito_backend_internship/internal/service/pr_service.go:111.16,112.27 1 0
github.com/mishasvintus/avito_backend_internship/internal/service/pr_service.go:112.27,114.4 1 0
github.com/mishasvintus/avito_backend_internship/internal/service/pr_service.go:115.3,115.49 1 0
github.com/mishasvintus/avito_backend_internship/internal/service/pr_service.go:117.2,117.45 1 0
github.com/mishasvintus/avito_backend_internship/internal/service/pr_service.go:117.45,119.3 1 0
github.com/mishasvintus/avito_backend_internship/internal/service/pr_service.go:120.2,121.35 2 0
github.com/mishasvintus/avito_backend_internship/internal/service/pr_service.go:121.35,123.3 1 0
github.com/mishasvintus/avito_backend_internship/internal/service/pr_service.go:125.2,126.16 2 0
github.com/mishasvintus/avito_backend_internship/internal/service/pr_service.go:126.16,128.3 1 0
github.com/mishasvintus/avito_backend_internship/internal/service/pr_service.go:129.2,130.42 2 0
github.com/mishasvintus/avito_backend_internship/internal/service/pr_service.go:130.42,132.3 1 0
github.com/mishasvintus/avito_backend_internship/internal/service/pr_service.go:134.2,138.40 3 0
github.com/mishasvintus/avito_backend_internship/internal/service/pr_service.go:138.40,139.65 1 0
github.com/mishasvintus/avito_backend_internship/internal/service/pr_service.go:139.65,141.4 1 0
github.com/mishasvintus/avito_backend_internship/internal/service/pr_service.go:143.2,143.12 1 0
github.com/mishasvintus/avito_backend_internship/internal/service/pr_service.go:148.71,150.16 2 0
github.com/mishasvintus/avito_backend_internship/internal/service/pr_service.go:150.16,151.27 1 0
github.com/mishasvintus/avito_backend_internship/internal/service/pr_service.go:151.27,153.4 1 0
github.com/mishasvintus/avito_backend_internship/internal/service/pr_service.go:154.3,154.64 1 0
github.com/mishasvintus/avito_backend_internship/internal/service/pr_service.go:157.2,157.47 1 0
github.com/mishasvintus/avito_backend_internship/internal/service/pr_service.go:157.47,159.3 1 0
github.com/mishasvintus/avito_backend_internship/internal/service/pr_service.go:161.2,161.60 1 0
github.com/mishasvintus/avito_backend_internship/internal/service/pr_service.go:161.60,163.3 1 0
github.com/mishasvintus/avito_backend_internship/internal/service/pr_service.go:166.2,167.16 2 0
github.com/mishasvintus/avito_backend_internship/internal/service/pr_service.go:167.16,169.3 1 0
github.com/mishasvintus/avito_backend_internship/internal/service/pr_service.go:171.2,171.22 1 0
github.com/mishasvintus/avito_backend_internship/internal/service/pr_service.go:177.97,179.16 2 0
github.com/mishasvintus/avito_backend_internship/internal/service/pr_service.go:179.16,180.27 1 0
github.com/mishasvintus/avito_backend_internship/internal/service/pr_service.go:180.27,182.4 1 0
github.com/mishasvintus/avito_backend_internship/internal/service/pr_service.go:183.3,183.68 1 0
github.com/mishasvintus/avito_backend_internship/internal/service/pr_service.go:186.2,187.16 2 0
github.com/mishasvintus/avito_backend_internship/internal/service/pr_service.go:187.16,189.3 1 0
github.com/mishasvintus/avito_backend_internship/internal/service/pr_service.go:191.2,192.42 2 0
github.com/mishasvintus/avito_backend_internship/internal/service/pr_service.go:192.42,194.3 1 0
github.com/mishasvintus/avito_backend_internship/internal/service/pr_service.go:195.2,198.16 3 0
github.com/mishasvintus/avito_backend_internship/internal/service/pr_service.go:198.16,200.3 1 0
github.com/mishasvintus/avito_backend_internship/internal/service/pr_service.go:201.2,201.15 1 0
github.com/mishasvintus/avito_backend_internship/internal/service/pr_service.go:201.15,201.36 1 0
github.com/mishasvintus/avito_backend_internship/internal/service/pr_service.go:203.2,204.16 2 0
github.com/mishasvintus/avito_backend_internship/internal/service/pr_service.go:204.16,205.27 1 0
github.com/mishasvintus/avito_backend_internship/internal/service/pr_service.go:205.27,207.4 1 0
github.com/mishasvintus/avito_backend_internship/internal/service/pr_service.go:208.3,208.67 1 0
github.com/mishasvintus/avito_backend_internship/internal/service/pr_service.go:211.2,211.33 1 0
github.com/mishasvintus/avito_backend_internship/internal/service/pr_service.go:211.33,213.3 1 0
github.com/mishasvintus/avito_backend_internship/internal/service/pr_service.go:215.2,215.83 1 0
github.com/mishasvintus/avito_backend_internship/internal/service/pr_service.go:215.83,216.48 1 0
github.com/mishasvintus/avito_backend_internship/internal/service/pr_service.go:216.48,218.4 1 0
github.com/mishasvintus/avito_backend_internship/internal/service/pr_service.go:219.3,219.44 1 0
github.com/mishasvintus/avito_backend_internship/internal/service/pr_service.go:219.44,221.4 1 0
github.com/mishasvintus/avito_backend_internship/internal/service/pr_service.go:222.3,222.68 1 0
github.com/mishasvintus/avito_backend_internship/internal/service/pr_service.go:226.2,227.16 2 0
github.com/mishasvintus/avito_backend_internship/internal/service/pr_service.go:227.16,229.3 1 0
github.com/mishasvintus/avito_backend_internship/internal/service/pr_service.go:230.2,230.17 1 0
github.com/mishasvintus/avito_backend_internship/internal/service/pr_service.go:230.17,232.3 1 0
github.com/mishasvintus/avito_backend_internship/internal/service/pr_service.go:234.2,234.36 1 0
github.com/mishasvintus/avito_backend_internship/internal/service/pr_service.go:234.36,236.3 1 0
github.com/mishasvintus/avito_backend_internship/internal/service/pr_service.go:238.2,239.16 2 0
github.com/mishasvintus/avito_backend_internship/internal/service/pr_service.go:239.16,241.3 1 0
github.com/mishasvintus/avito_backend_internship/internal/service/pr_service.go:243.2,243.38 1 0
github.com/mishasvintus/avito_backend_internship/internal/service/reviewer_assigner.go:15.46,17.2 1 1
github.com/mishasvintus/avito_backend_internship/internal/service/reviewer_assigner.go:21.87,22.25 1 1
github.com/mishasvintus/avito_backend_internship/internal/service/reviewer_assigner.go:22.25,24.3 1 1
github.com/mishasvintus/avito_backend_internship/internal/service/reviewer_assigner.go:26.2,26.25 1 1
github.com/mishasvintus/avito_backend_internship/internal/service/reviewer_assigner.go:26.25,28.34 2 1
github.com/mishasvintus/avito_backend_internship/internal/service/reviewer_assigner.go:28.34,30.4 1 1
github.com/mishasvintus/avito_backend_internship/internal/service/reviewer_assigner.go:31.3,31.24 1 1
github.com/mishasvintus/avito_backend_internship/internal/service/reviewer_assigner.go:34.2,37.25 3 1
github.com/mishasvintus/avito_backend_internship/internal/service/reviewer_assigner.go:37.25,39.17 2 1
github.com/mishasvintus/avito_backend_internship/internal/service/reviewer_assigner.go:39.17,41.4 1 0
github.com/mishasvintus/avito_backend_internship/internal/service/reviewer_assigner.go:43.3,43.21 1 1
github.com/mishasvintus/avito_backend_internship/internal/service/reviewer_assigner.go:43.21,46.4 2 1
github.com/mishasvintus/avito_backend_internship/internal/service/reviewer_assigner.go:49.2,49.23 1 1
github.com/mishasvintus/avito_backend_internship/internal/service/reviewer_assigner.go:53.140,56.39 3 1
github.com/mishasvintus/avito_backend_internship/internal/service/reviewer_assigner.go:56.39,58.3 1 1
github.com/mishasvintus/avito_backend_internship/internal/service/reviewer_assigner.go:60.2,61.33 2 1
github.com/mishasvintus/avito_backend_internship/internal/service/reviewer_assigner.go:61.33,62.56 1 1
github.com/mishasvintus/avito_backend_internship/internal/service/reviewer_assigner.go:62.56,64.4 1 1
github.com/mishasvintus/avito_backend_internship/internal/service/reviewer_assigner.go:67.2,67.26 1 1
github.com/mishasvintus/avito_backend_internship/internal/service/reviewer_assigner.go:67.26,69.3 1 1
github.com/mishasvintus/avito_backend_internship/internal/service/reviewer_assigner.go:71.2,71.38 1 1
github.com/mishasvintus/avito_backend_internship/internal/service/reviewer_assigner.go:75.42,77.16 2 1
github.com/mishasvintus/avito_backend_internship/internal/service/reviewer_assigner.go:77.16,79.3 1 0
github.com/mishasvintus/avito_backend_internship/internal/service/reviewer_assigner.go:80.2,80.31 1 1
github.com/mishasvintus/avito_backend_internship/internal/service/stats_service.go:16.48,18.2 1 0
github.com/mishasvintus/avito_backend_internship/internal/service/stats_service.go:28.61,30.16 2 0
github.com/mishasvintus/avito_backend_internship/internal/service/stats_service.go:30.16,32.3 1 0
github.com/mishasvintus/avito_backend_internship/internal/service/stats_service.go:34.2,35.16 2 0
github.com/mishasvintus/avito_backend_internship/internal/service/stats_service.go:35.16,37.3 1 0
github.com/mishasvintus/avito_backend_internship/internal/service/stats_service.go:39.2,40.16 2 0
github.com/mishasvintus/avito_backend_internship/internal/service/stats_service.go:40.16,42.3 1 0
github.com/mishasvintus/avito_backend_internship/internal/service/stats_service.go:44.2,48.8 1 0
github.com/mishasvintus/avito_backend_internship/internal/service/team_service.go:20.68,22.2 1 0
github.com/mishasvintus/avito_backend_internship/internal/service/team_service.go:25.86,27.16 2 0
github.com/mishasvintus/avito_backend_internship/internal/service/team_service.go:27.16,29.3 1 0
github.com/mishasvintus/avito_backend_internship/internal/service/team_service.go:30.2,30.15 1 0
github.com/mishasvintus/avito_backend_internship/internal/service/team_service.go:30.15,30.36 1 0
github.com/mishasvintus/avito_backend_internship/internal/service/team_service.go:33.2,34.16 2 0
github.com/mishasvintus/avito_backend_internship/internal/service/team_service.go:34.16,36.3 1 0
github.com/mishasvintus/avito_backend_internship/internal/service/team_service.go:37.2,37.12 1 0
github.com/mishasvintus/avito_backend_internship/internal/service/team_service.go:37.12,39.3 1 0
github.com/mishasvintus/avito_backend_internship/internal/service/team_service.go:42.2,42.50 1 0
github.com/mishasvintus/avito_backend_internship/internal/service/team_service.go:42.50,44.3 1 0
github.com/mishasvintus/avito_backend_internship/internal/service/team_service.go:47.2,47.33 1 0
github.com/mishasvintus/avito_backend_internship/internal/service/team_service.go:47.33,57.41 3 0
github.com/mishasvintus/avito_backend_internship/internal/service/team_service.go:57.41,59.4 1 0
github.com/mishasvintus/avito_backend_internship/internal/service/team_service.go:61.3,61.26 1 0
github.com/mishasvintus/avito_backend_internship/internal/service/team_service.go:61.26,62.46 1 0
github.com/mishasvintus/avito_backend_internship/internal/service/team_service.go:62.46,64.5 1 0
github.com/mishasvintus/avito_backend_internship/internal/service/team_service.go:65.9,66.46 1 0
github.com/mishasvintus/avito_backend_internship/internal/service/team_service.go:66.46,68.5 1 0
github.com/mishasvintus/avito_backend_internship/internal/service/team_service.go:72.2,72.36 1 0
github.com/mishasvintus/avito_backend_internship/internal/service/team_service.go:72.36,74.3 1 0
github.com/mishasvintus/avito_backend_internship/internal/service/team_service.go:76.2,76.12 1 0
github.com/mishasvintus/avito_backend_internship/internal/service/team_service.go:80.70,82.16 2 0
github.com/mishasvintus/avito_backend_internship/internal/service/team_service.go:82.16,83.27 1 0
github.com/mishasvintus/avito_backend_internship/internal/service/team_service.go:83.27,85.4 1 0
github.com/mishasvintus/avito_backend_internship/internal/service/team_service.go:86.3,86.56 1 0
github.com/mishasvintus/avito_backend_internship/internal/service/team_service.go:88.2,88.15 1 0
github.com/mishasvintus/avito_backend_internship/internal/service/team_service.go:92.61,95.16 2 0
github.com/mishasvintus/avito_backend_internship/internal/service/team_service.go:95.16,96.27 1 0
github.com/mishasvintus/avito_backend_internship/internal/service/team_service.go:96.27,98.4 1 0
github.com/mishasvintus/avito_backend_internship/internal/service/team_service.go:99.3,99.53 1 0
github.com/mishasvintus/avito_backend_internship/internal/service/team_service.go:102.2,103.16 2 0
github.com/mishasvintus/avito_backend_internship/internal/service/team_service.go:103.16,105.3 1 0
github.com/mishasvintus/avito_backend_internship/internal/service/team_service.go:106.2,106.15 1 0
github.com/mishasvintus/avito_backend_internship/internal/service/team_service.go:106.15,106.36 1 0
github.com/mishasvintus/avito_backend_internship/internal/service/team_service.go:109.2,109.57 1 0
github.com/mishasvintus/avito_backend_internship/internal/service/team_service.go:109.57,111.3 1 0
github.com/mishasvintus/avito_backend_internship/internal/service/team_service.go:114.2,115.16 2 0
github.com/mishasvintus/avito_backend_internship/internal/service/team_service.go:115.16,117.3 1 0
github.com/mishasvintus/avito_backend_internship/internal/service/team_service.go:120.2,120.45 1 0
github.com/mishasvintus/avito_backend_internship/internal/service/team_service.go:120.45,121.42 1 0
github.com/mishasvintus/avito_backend_internship/internal/service/team_service.go:121.42,122.66 1 0
github.com/mishasvintus/avito_backend_internship/internal/service/team_service.go:122.66,124.5 1 0
github.com/mishasvintus/avito_backend_internship/internal/service/team_service.go:127.3,128.17 2 0
github.com/mishasvintus/avito_backend_internship/internal/service/team_service.go:128.17,130.4 1 0
github.com/mishasvintus/avito_backend_internship/internal/service/team_service.go:131.3,131.39 1 0
github.com/mishasvintus/avito_backend_internship/internal/service/team_service.go:131.39,132.12 1 0
github.com/mishasvintus/avito_backend_internship/internal/service/team_service.go:134.3,134.66 1 0
github.com/mishasvintus/avito_backend_internship/internal/service/team_service.go:134.66,136.4 1 0
github.com/mishasvintus/avito_backend_internship/internal/service/team_service.go:139.2,139.36 1 0
github.com/mishasvintus/avito_backend_internship/internal/service/team_service.go:139.36,141.3 1 0
github.com/mishasvintus/avito_backend_internship/internal/service/team_service.go:143.2,143.12 1 0
github.com/mishasvintus/avito_backend_internship/internal/service/user_service.go:18.46,20.2 1 0
github.com/mishasvintus/avito_backend_internship/internal/service/user_service.go:23.87,25.16 2 0
github.com/mishasvintus/avito_backend_internship/internal/service/user_service.go:25.16,26.27 1 0
github.com/mishasvintus/avito_backend_internship/internal/service/user_service.go:26.27,28.4 1 0
github.com/mishasvintus/avito_backend_internship/internal/service/user_service.go:29.3,29.66 1 0
github.com/mishasvintus/avito_backend_internship/internal/service/user_service.go:32.2,32.15 1 0
github.com/mishasvintus/avito_backend_internship/internal/service/user_service.go:36.88,38.16 2 0
github.com/mishasvintus/avito_backend_internship/internal/service/user_service.go:38.16,40.3 1 0
github.com/mishasvintus/avito_backend_internship/internal/service/user_service.go:42.2,42.17 1 0
github.com/mishasvintus/avito_backend_internship/internal/domain/pull_request.go:20.46,22.23 2 1
github.com/mishasvintus/avito_backend_internship/internal/domain/pull_request.go:22.23,24.3 1 0
github.com/mishasvintus/avito_backend_internship/internal/domain/pull_request.go:25.2,25.20 1 1
github.com/mishasvintus/avito_backend_internship/internal/domain/pull_request.go:29.34,31.2 1 1
github.com/mishasvintus/avito_backend_internship/internal/domain/pull_request.go:34.42,35.18 1 1
github.com/mishasvintus/avito_backend_internship/internal/domain/pull_request.go:35.18,37.3 1 0
github.com/mishasvintus/avito_backend_internship/internal/domain/pull_request.go:39.2,40.27 2 1
github.com/mishasvintus/avito_backend_internship/internal/domain/pull_request.go:41.14,42.10 1 1
github.com/mishasvintus/avito_backend_internship/internal/domain/pull_request.go:43.14,44.18 1 0
github.com/mishasvintus/avito_backend_internship/internal/domain/pull_request.go:45.10,46.59 1 0
github.com/mishasvintus/avito_backend_internship/internal/domain/pull_request.go:49.2,50.16 2 1
github.com/mishasvintus/avito_backend_internship/internal/domain/pull_request.go:50.16,52.3 1 0
github.com/mishasvintus/avito_backend_internship/internal/domain/pull_request.go:53.2,54.12 2 1
github.com/mishasvintus/avito_backend_internship/internal/domain/pull_request.go:58.49,59.18 1 1
github.com/mishasvintus/avito_backend_internship/internal/domain/pull_request.go:59.18,61.3 1 0
github.com/mishasvintus/avito_backend_internship/internal/domain/pull_request.go:62.2,62.23 1 1
github.com/mishasvintus/avito_backend_internship/internal/repository/db.go:12.49,14.16 2 0
github.com/mishasvintus/avito_backend_internship/internal/repository/db.go:14.16,16.3 1 0
github.com/mishasvintus/avito_backend_internship/internal/repository/db.go:18.2,22.33 4 0
github.com/mishasvintus/avito_backend_internship/internal/repository/db.go:22.33,24.3 1 0
github.com/mishasvintus/avito_backend_internship/internal/repository/db.go:26.2,26.16 1 0
github.com/mishasvintus/avito_backend_internship/internal/repository/errors.go:11.40,13.28 2 1
github.com/mishasvintus/avito_backend_internship/internal/repository/errors.go:13.28,15.3 1 1
github.com/mishasvintus/avito_backend_internship/internal/repository/errors.go:16.2,16.14 1 0
github.com/mishasvintus/avito_backend_internship/internal/repository/errors.go:21.44,23.28 2 0
github.com/mishasvintus/avito_backend_internship/internal/repository/errors.go:23.28,25.3 1 0
github.com/mishasvintus/avito_backend_internship/internal/repository/errors.go:26.2,26.14 1 0
github.com/mishasvintus/avito_backend_internship/internal/repository/pr/open_with_reviewers.go:11.106,20.16 3 1
github.com/mishasvintus/avito_backend_internship/internal/repository/pr/open_with_reviewers.go:20.16,22.3 1 0
github.com/mishasvintus/avito_backend_internship/internal/repository/pr/open_with_reviewers.go:23.2,23.15 1 1
github.com/mishasvintus/avito_backend_internship/internal/repository/pr/open_with_reviewers.go:23.15,23.35 1 1
github.com/mishasvintus/avito_backend_internship/internal/repository/pr/open_with_reviewers.go:25.2,26.18 2 1
github.com/mishasvintus/avito_backend_internship/internal/repository/pr/open_with_reviewers.go:26.18,28.55 2 1
github.com/mishasvintus/avito_backend_internship/internal/repository/pr/open_with_reviewers.go:28.55,30.4 1 0
github.com/mishasvintus/avito_backend_internship/internal/repository/pr/open_with_reviewers.go:31.3,31.46 1 1
github.com/mishasvintus/avito_backend_internship/internal/repository/pr/open_with_reviewers.go:34.2,34.35 1 1
github.com/mishasvintus/avito_backend_internship/internal/repository/pr/open_with_reviewers.go:34.35,36.3 1 0
github.com/mishasvintus/avito_backend_internship/internal/repository/pr/open_with_reviewers.go:38.2,38.18 1 1
github.com/mishasvintus/avito_backend_internship/internal/repository/pr/pr.go:17.65,24.16 4 1
github.com/mishasvintus/avito_backend_internship/internal/repository/pr/pr.go:24.16,26.3 1 1
github.com/mishasvintus/avito_backend_internship/internal/repository/pr/pr.go:27.2,27.12 1 1
github.com/mishasvintus/avito_backend_internship/internal/repository/pr/pr.go:31.70,34.16 3 1
github.com/mishasvintus/avito_backend_internship/internal/repository/pr/pr.go:34.16,36.3 1 0
github.com/mishasvintus/avito_backend_internship/internal/repository/pr/pr.go:37.2,37.12 1 1
github.com/mishasvintus/avito_backend_internship/internal/repository/pr/pr.go:41.74,58.16 4 1
github.com/mishasvintus/avito_backend_internship/internal/repository/pr/pr.go:58.16,59.27 1 1
github.com/mishasvintus/avito_backend_internship/internal/repository/pr/pr.go:59.27,61.4 1 1
github.com/mishasvintus/avito_backend_internship/internal/repository/pr/pr.go:62.3,62.64 1 0
github.com/mishasvintus/avito_backend_internship/internal/repository/pr/pr.go:66.2,72.16 3 1
github.com/mishasvintus/avito_backend_internship/internal/repository/pr/pr.go:72.16,74.3 1 0
github.com/mishasvintus/avito_backend_internship/internal/repository/pr/pr.go:75.2,75.15 1 1
github.com/mishasvintus/avito_backend_internship/internal/repository/pr/pr.go:75.15,75.35 1 1
github.com/mishasvintus/avito_backend_internship/internal/repository/pr/pr.go:77.2,78.18 2 1
github.com/mishasvintus/avito_backend_internship/internal/repository/pr/pr.go:78.18,80.48 2 1
github.com/mishasvintus/avito_backend_internship/internal/repository/pr/pr.go:80.48,82.4 1 0
github.com/mishasvintus/avito_backend_internship/internal/repository/pr/pr.go:83.3,83.44 1 1
github.com/mishasvintus/avito_backend_internship/internal/repository/pr/pr.go:86.2,86.35 1 1
github.com/mishasvintus/avito_backend_internship/internal/repository/pr/pr.go:86.35,88.3 1 0
github.com/mishasvintus/avito_backend_internship/internal/repository/pr/pr.go:90.2,91.16 2 1
github.com/mishasvintus/avito_backend_internship/internal/repository/pr/pr.go:95.88,104.16 3 1
github.com/mishasvintus/avito_backend_internship/internal/repository/pr/pr.go:104.16,106.3 1 0
github.com/mishasvintus/avito_backend_internship/internal/repository/pr/pr.go:107.2,107.15 1 1
github.com/mishasvintus/avito_backend_internship/internal/repository/pr/pr.go:107.15,107.35 1 1
github.com/mishasvintus/avito_backend_internship/internal/repository/pr/pr.go:109.2,110.18 2 1
github.com/mishasvintus/avito_backend_internship/internal/repository/pr/pr.go:110.18,112.110 2 1
github.com/mishasvintus/avito_backend_internship/internal/repository/pr/pr.go:112.110,114.4 1 0
github.com/mishasvintus/avito_backend_internship/internal/repository/pr/pr.go:115.3,115.23 1 1
github.com/mishasvintus/avito_backend_internship/internal/repository/pr/pr.go:118.2,118.35 1 1
github.com/mishasvintus/avito_backend_internship/internal/repository/pr/pr.go:118.35,120.3 1 0
github.com/mishasvintus/avito_backend_internship/internal/repository/pr/pr.go:122.2,122.17 1 1
github.com/mishasvintus/avito_backend_internship/internal/repository/pr/pr.go:127.68,135.16 4 1
github.com/mishasvintus/avito_backend_internship/internal/repository/pr/pr.go:135.16,137.3 1 0
github.com/mishasvintus/avito_backend_internship/internal/repository/pr/pr.go:139.2,140.16 2 1
github.com/mishasvintus/avito_backend_internship/internal/repository/pr/pr.go:140.16,142.3 1 0
github.com/mishasvintus/avito_backend_internship/internal/repository/pr/pr.go:144.2,144.23 1 1
github.com/mishasvintus/avito_backend_internship/internal/repository/pr/pr.go:144.23,146.3 1 0
github.com/mishasvintus/avito_backend_internship/internal/repository/pr/pr.go:148.2,148.12 1 1
github.com/mishasvintus/avito_backend_internship/internal/repository/pr/pr.go:152.70,155.16 3 1
github.com/mishasvintus/avito_backend_internship/internal/repository/pr/pr.go:155.16,157.3 1 0
github.com/mishasvintus/avito_backend_internship/internal/repository/pr/pr.go:158.2,158.12 1 1
github.com/mishasvintus/avito_backend_internship/internal/repository/pr/pr.go:163.93,174.16 3 1
github.com/mishasvintus/avito_backend_internship/internal/repository/pr/pr.go:174.16,176.3 1 0
github.com/mishasvintus/avito_backend_internship/internal/repository/pr/pr.go:177.2,178.15 2 1
github.com/mishasvintus/avito_backend_internship/internal/repository/pr/pr.go:178.15,180.3 1 1
github.com/mishasvintus/avito_backend_internship/internal/repository/pr/pr.go:181.2,181.12 1 1
github.com/mishasvintus/avito_backend_internship/internal/repository/pr/pr.go:185.76,189.16 4 1
github.com/mishasvintus/avito_backend_internship/internal/repository/pr/pr.go:189.16,190.27 1 0
github.com/mishasvintus/avito_backend_internship/internal/repository/pr/pr.go:190.27,192.4 1 0
github.com/mishasvintus/avito_backend_internship/internal/repository/pr/pr.go:193.3,193.70 1 0
github.com/mishasvintus/avito_backend_internship/internal/repository/pr/pr.go:195.2,195.20 1 1
github.com/mishasvintus/avito_backend_internship/internal/repository/stats/stats.go:32.69,41.16 3 1
github.com/mishasvintus/avito_backend_internship/internal/repository/stats/stats.go:41.16,43.3 1 0
github.com/mishasvintus/avito_backend_internship/internal/repository/stats/stats.go:44.2,44.15 1 1
github.com/mishasvintus/avito_backend_internship/internal/repository/stats/stats.go:44.15,44.35 1 1
github.com/mishasvintus/avito_backend_internship/internal/repository/stats/stats.go:46.2,47.18 2 1
github.com/mishasvintus/avito_backend_internship/internal/repository/stats/stats.go:47.18,49.78 2 1
github.com/mishasvintus/avito_backend_internship/internal/repository/stats/stats.go:49.78,51.4 1 0
github.com/mishasvintus/avito_backend_internship/internal/repository/stats/stats.go:52.3,52.30 1 1
github.com/mishasvintus/avito_backend_internship/internal/repository/stats/stats.go:55.2,55.35 1 1
github.com/mishasvintus/avito_backend_internship/internal/repository/stats/stats.go:55.35,57.3 1 0
github.com/mishasvintus/avito_backend_internship/internal/repository/stats/stats.go:59.2,59.19 1 1
github.com/mishasvintus/avito_backend_internship/internal/repository/stats/stats.go:63.65,72.16 3 1
github.com/mishasvintus/avito_backend_internship/internal/repository/stats/stats.go:72.16,74.3 1 0
github.com/mishasvintus/avito_backend_internship/internal/repository/stats/stats.go:75.2,75.15 1 1
github.com/mishasvintus/avito_backend_internship/internal/repository/stats/stats.go:75.15,75.35 1 1
github.com/mishasvintus/avito_backend_internship/internal/repository/stats/stats.go:77.2,78.18 2 1
github.com/mishasvintus/avito_backend_internship/internal/repository/stats/stats.go:78.18,80.78 2 1
github.com/mishasvintus/avito_backend_internship/internal/repository/stats/stats.go:80.78,82.4 1 0
github.com/mishasvintus/avito_backend_internship/internal/repository/stats/stats.go:83.3,83.30 1 1
github.com/mishasvintus/avito_backend_internship/internal/repository/stats/stats.go:86.2,86.35 1 1
github.com/mishasvintus/avito_backend_internship/internal/repository/stats/stats.go:86.35,88.3 1 0
github.com/mishasvintus/avito_backend_internship/internal/repository/stats/stats.go:90.2,90.19 1 1
github.com/mishasvintus/avito_backend_internship/internal/repository/stats/stats.go:94.67,109.16 4 1
github.com/mishasvintus/avito_backend_internship/internal/repository/stats/stats.go:109.16,111.3 1 0
github.com/mishasvintus/avito_backend_internship/internal/repository/stats/stats.go:113.2,113.20 1 1
github.com/mishasvintus/avito_backend_internship/internal/repository/team/team.go:12.58,15.16 3 1
github.com/mishasvintus/avito_backend_internship/internal/repository/team/team.go:15.16,17.3 1 0
github.com/mishasvintus/avito_backend_internship/internal/repository/team/team.go:18.2,18.12 1 1
github.com/mishasvintus/avito_backend_internship/internal/repository/team/team.go:22.71,29.16 3 1
github.com/mishasvintus/avito_backend_internship/internal/repository/team/team.go:29.16,31.3 1 0
github.com/mishasvintus/avito_backend_internship/internal/repository/team/team.go:32.2,32.15 1 1
github.com/mishasvintus/avito_backend_internship/internal/repository/team/team.go:32.15,32.35 1 1
github.com/mishasvintus/avito_backend_internship/internal/repository/team/team.go:34.2,35.18 2 1
github.com/mishasvintus/avito_backend_internship/internal/repository/team/team.go:35.18,37.87 2 1
github.com/mishasvintus/avito_backend_internship/internal/repository/team/team.go:37.87,39.4 1 0
github.com/mishasvintus/avito_backend_internship/internal/repository/team/team.go:40.3,40.36 1 1
github.com/mishasvintus/avito_backend_internship/internal/repository/team/team.go:43.2,43.35 1 1
github.com/mishasvintus/avito_backend_internship/internal/repository/team/team.go:43.35,45.3 1 0
github.com/mishasvintus/avito_backend_internship/internal/repository/team/team.go:48.2,48.23 1 1
github.com/mishasvintus/avito_backend_internship/internal/repository/team/team.go:48.23,50.17 2 1
github.com/mishasvintus/avito_backend_internship/internal/repository/team/team.go:50.17,52.4 1 0
github.com/mishasvintus/avito_backend_internship/internal/repository/team/team.go:53.3,53.14 1 1
github.com/mishasvintus/avito_backend_internship/internal/repository/team/team.go:53.14,55.4 1 1
github.com/mishasvintus/avito_backend_internship/internal/repository/team/team.go:58.2,61.8 1 1
github.com/mishasvintus/avito_backend_internship/internal/repository/team/team.go:65.66,69.16 4 1
github.com/mishasvintus/avito_backend_internship/internal/repository/team/team.go:69.16,71.3 1 0
github.com/mishasvintus/avito_backend_internship/internal/repository/team/team.go:72.2,72.20 1 1
github.com/mishasvintus/avito_backend_internship/internal/repository/team/team.go:76.65,79.16 3 1
github.com/mishasvintus/avito_backend_internship/internal/repository/team/team.go:79.16,81.3 1 0
github.com/mishasvintus/avito_backend_internship/internal/repository/team/team.go:82.2,82.12 1 1
github.com/mishasvintus/avito_backend_internship/internal/repository/user/user.go:12.60,18.16 3 1
github.com/mishasvintus/avito_backend_internship/internal/repository/user/user.go:18.16,20.3 1 0
github.com/mishasvintus/avito_backend_internship/internal/repository/user/user.go:21.2,21.12 1 1
github.com/mishasvintus/avito_backend_internship/internal/repository/user/user.go:25.69,38.16 4 1
github.com/mishasvintus/avito_backend_internship/internal/repository/user/user.go:38.16,39.27 1 1
github.com/mishasvintus/avito_backend_internship/internal/repository/user/user.go:39.27,41.4 1 1
github.com/mishasvintus/avito_backend_internship/internal/repository/user/user.go:42.3,42.56 1 0
github.com/mishasvintus/avito_backend_internship/internal/repository/user/user.go:44.2,44.16 1 1
github.com/mishasvintus/avito_backend_internship/internal/repository/user/user.go:48.60,55.16 3 1
github.com/mishasvintus/avito_backend_internship/internal/repository/user/user.go:55.16,57.3 1 0
github.com/mishasvintus/avito_backend_internship/internal/repository/user/user.go:59.2,60.16 2 1
github.com/mishasvintus/avito_backend_internship/internal/repository/user/user.go:60.16,62.3 1 0
github.com/mishasvintus/avito_backend_internship/internal/repository/user/user.go:64.2,64.23 1 1
github.com/mishasvintus/avito_backend_internship/internal/repository/user/user.go:64.23,66.3 1 0
github.com/mishasvintus/avito_backend_internship/internal/repository/user/user.go:68.2,68.12 1 1
github.com/mishasvintus/avito_backend_internship/internal/repository/user/user.go:72.92,86.16 4 1
github.com/mishasvintus/avito_backend_internship/internal/repository/user/user.go:86.16,87.27 1 1
github.com/mishasvintus/avito_backend_internship/internal/repository/user/user.go:87.27,89.4 1 1
github.com/mishasvintus/avito_backend_internship/internal/repository/user/user.go:90.3,90.66 1 0
github.com/mishasvintus/avito_backend_internship/internal/repository/user/user.go:93.2,93.16 1 1
github.com/mishasvintus/avito_backend_internship/internal/repository/user/user.go:97.85,107.16 3 1
github.com/mishasvintus/avito_backend_internship/internal/repository/user/user.go:107.16,109.3 1 0
github.com/mishasvintus/avito_backend_internship/internal/repository/user/user.go:110.2,110.15 1 1
github.com/mishasvintus/avito_backend_internship/internal/repository/user/user.go:110.15,110.35 1 1
github.com/mishasvintus/avito_backend_internship/internal/repository/user/user.go:112.2,113.18 2 1
github.com/mishasvintus/avito_backend_internship/internal/repository/user/user.go:113.18,115.85 2 1
github.com/mishasvintus/avito_backend_internship/internal/repository/user/user.go:115.85,117.4 1 0
github.com/mishasvintus/avito_backend_internship/internal/repository/user/user.go:118.3,118.35 1 1
github.com/mishasvintus/avito_backend_internship/internal/repository/user/user.go:121.2,121.35 1 1
github.com/mishasvintus/avito_backend_internship/internal/repository/user/user.go:121.35,123.3 1 0
github.com/mishasvintus/avito_backend_internship/internal/repository/user/user.go:125.2,125.23 1 1
github.com/mishasvintus/avito_backend_internship/internal/repository/user/user.go:129.84,136.16 3 1
github.com/mishasvintus/avito_backend_internship/internal/repository/user/user.go:136.16,138.3 1 0
github.com/mishasvintus/avito_backend_internship/internal/repository/user/user.go:139.2,139.15 1 1
github.com/mishasvintus/avito_backend_internship/internal/repository/user/user.go:139.15,139.35 1 1
github.com/mishasvintus/avito_backend_internship/internal/repository/user/user.go:141.2,142.18 2 1
github.com/mishasvintus/avito_backend_internship/internal/repository/user/user.go:142.18,144.85 2 1
github.com/mishasvintus/avito_backend_internship/internal/repository/user/user.go:144.85,146.4 1 0
github.com/mishasvintus/avito_backend_internship/internal/repository/user/user.go:147.3,147.27 1 1
github.com/mishasvintus/avito_backend_internship/internal/repository/user/user.go:150.2,150.35 1 1
github.com/mishasvintus/avito_backend_internship/internal/repository/user/user.go:150.35,152.3 1 0
github.com/mishasvintus/avito_backend_internship/internal/repository/user/user.go:154.2,154.19 1 1
github.com/mishasvintus/avito_backend_internship/internal/service/pr_service.go:21.70,26.2 1 1
github.com/mishasvintus/avito_backend_internship/internal/service/pr_service.go:29.90,31.16 2 1
github.com/mishasvintus/avito_backend_internship/internal/service/pr_service.go:31.16,32.27 1 1
github.com/mishasvintus/avito_backend_internship/internal/service/pr_service.go:32.27,34.4 1 1
github.com/mishasvintus/avito_backend_internship/internal/service/pr_service.go:35.3,35.58 1 0
github.com/mishasvintus/avito_backend_internship/internal/service/pr_service.go:38.2,39.16 2 1
github.com/mishasvintus/avito_backend_internship/internal/service/pr_service.go:39.16,41.3 1 0
github.com/mishasvintus/avito_backend_internship/internal/service/pr_service.go:43.2,44.16 2 1
github.com/mishasvintus/avito_backend_internship/internal/service/pr_service.go:44.16,46.3 1 0
github.com/mishasvintus/avito_backend_internship/internal/service/pr_service.go:48.2,49.16 2 1
github.com/mishasvintus/avito_backend_internship/internal/service/pr_service.go:49.16,51.3 1 0
github.com/mishasvintus/avito_backend_internship/internal/service/pr_service.go:52.2,52.15 1 1
github.com/mishasvintus/avito_backend_internship/internal/service/pr_service.go:52.15,52.36 1 1
github.com/mishasvintus/avito_backend_internship/internal/service/pr_service.go:54.2,63.51 2 1
github.com/mishasvintus/avito_backend_internship/internal/service/pr_service.go:63.51,64.40 1 1
github.com/mishasvintus/avito_backend_internship/internal/service/pr_service.go:64.40,66.4 1 1
github.com/mishasvintus/avito_backend_internship/internal/service/pr_service.go:67.3,67.44 1 0
github.com/mishasvintus/avito_backend_internship/internal/service/pr_service.go:67.44,69.4 1 0
github.com/mishasvintus/avito_backend_internship/internal/service/pr_service.go:70.3,70.67 1 0
github.com/mishasvintus/avito_backend_internship/internal/service/pr_service.go:73.2,73.39 1 1
github.com/mishasvintus/avito_backend_internship/internal/service/pr_service.go:73.39,74.65 1 1
github.com/mishasvintus/avito_backend_internship/internal/service/pr_service.go:74.65,75.45 1 0
github.com/mishasvintus/avito_backend_internship/internal/service/pr_service.go:75.45,77.5 1 0
github.com/mishasvintus/avito_backend_internship/internal/service/pr_service.go:78.4,78.64 1 0
github.com/mishasvintus/avito_backend_internship/internal/service/pr_service.go:83.2,83.39 1 1
github.com/mishasvintus/avito_backend_internship/internal/service/pr_service.go:83.39,85.17 2 1
github.com/mishasvintus/avito_backend_internship/internal/service/pr_service.go:85.17,87.4 1 0
github.com/mishasvintus/avito_backend_internship/internal/service/pr_service.go:88.3,88.18 1 1
github.com/mishasvintus/avito_backend_internship/internal/service/pr_service.go:88.18,90.4 1 0
github.com/mishasvintus/avito_backend_internship/internal/service/pr_service.go:93.2,93.36 1 1
github.com/mishasvintus/avito_backend_internship/internal/service/pr_service.go:93.36,95.3 1 0
github.com/mishasvintus/avito_backend_internship/internal/service/pr_service.go:97.2,98.16 2 1
github.com/mishasvintus/avito_backend_internship/internal/service/pr_service.go:98.16,100.3 1 0
github.com/mishasvintus/avito_backend_internship/internal/service/pr_service.go:102.2,102.20 1 1
github.com/mishasvintus/avito_backend_internship/internal/service/pr_service.go:109.81,111.16 2 1
github.com/mishasvintus/avito_backend_internship/internal/service/pr_service.go:111.16,112.27 1 1
github.com/mishasvintus/avito_backend_internship/internal/service/pr_service.go:112.27,114.4 1 1
github.com/mishasvintus/avito_backend_internship/internal/service/pr_service.go:115.3,115.49 1 0
github.com/mishasvintus/avito_backend_internship/internal/service/pr_service.go:117.2,117.45 1 1
github.com/mishasvintus/avito_backend_internship/internal/service/pr_service.go:117.45,119.3 1 1
github.com/mishasvintus/avito_backend_internship/internal/service/pr_service.go:120.2,121.35 2 1
github.com/mishasvintus/avito_backend_internship/internal/service/pr_service.go:121.35,123.3 1 1
github.com/mishasvintus/avito_backend_internship/internal/service/pr_service.go:125.2,126.16 2 1
github.com/mishasvintus/avito_backend_internship/internal/service/pr_service.go:126.16,128.3 1 0
github.com/mishasvintus/avito_backend_internship/internal/service/pr_service.go:129.2,130.42 2 1
github.com/mishasvintus/avito_backend_internship/internal/service/pr_service.go:130.42,132.3 1 1
github.com/mishasvintus/avito_backend_internship/internal/service/pr_service.go:134.2,138.40 3 1
github.com/mishasvintus/avito_backend_internship/internal/service/pr_service.go:138.40,139.65 1 1
github.com/mishasvintus/avito_backend_internship/internal/service/pr_service.go:139.65,141.4 1 0
github.com/mishasvintus/avito_backend_internship/internal/service/pr_service.go:143.2,143.12 1 1
github.com/mishasvintus/avito_backend_internship/internal/service/pr_service.go:148.71,150.16 2 1
github.com/mishasvintus/avito_backend_internship/internal/service/pr_service.go:150.16,151.27 1 1
github.com/mishasvintus/avito_backend_internship/internal/service/pr_service.go:151.27,153.4 1 1
github.com/mishasvintus/avito_backend_internship/internal/service/pr_service.go:154.3,154.64 1 0
github.com/mishasvintus/avito_backend_internship/internal/service/pr_service.go:157.2,157.47 1 1
github.com/mishasvintus/avito_backend_internship/internal/service/pr_service.go:157.47,159.3 1 1
github.com/mishasvintus/avito_backend_internship/internal/service/pr_service.go:161.2,161.60 1 1
github.com/mishasvintus/avito_backend_internship/internal/service/pr_service.go:161.60,163.3 1 0
github.com/mishasvintus/avito_backend_internship/internal/service/pr_service.go:166.2,167.16 2 1
github.com/mishasvintus/avito_backend_internship/internal/service/pr_service.go:167.16,169.3 1 0
github.com/mishasvintus/avito_backend_internship/internal/service/pr_service.go:171.2,171.22 1 1
github.com/mishasvintus/avito_backend_internship/internal/service/pr_service.go:177.97,179.16 2 1
github.com/mishasvintus/avito_backend_internship/internal/service/pr_service.go:179.16,180.27 1 1
github.com/mishasvintus/avito_backend_internship/internal/service/pr_service.go:180.27,182.4 1 1
github.com/mishasvintus/avito_backend_internship/internal/service/pr_service.go:183.3,183.68 1 0
github.com/mishasvintus/avito_backend_internship/internal/service/pr_service.go:186.2,187.16 2 1
github.com/mishasvintus/avito_backend_internship/internal/service/pr_service.go:187.16,189.3 1 0
github.com/mishasvintus/avito_backend_internship/internal/service/pr_service.go:191.2,192.42 2 1
github.com/mishasvintus/avito_backend_internship/internal/service/pr_service.go:192.42,194.3 1 1
github.com/mishasvintus/avito_backend_internship/internal/service/pr_service.go:195.2,198.16 3 1
github.com/mishasvintus/avito_backend_internship/internal/service/pr_service.go:198.16,200.3 1 0
github.com/mishasvintus/avito_backend_internship/internal/service/pr_service.go:201.2,201.15 1 1
github.com/mishasvintus/avito_backend_internship/internal/service/pr_service.go:201.15,201.36 1 1
github.com/mishasvintus/avito_backend_internship/internal/service/pr_service.go:203.2,204.16 2 1
github.com/mishasvintus/avito_backend_internship/internal/service/pr_service.go:204.16,205.27 1 0
github.com/mishasvintus/avito_backend_internship/internal/service/pr_service.go:205.27,207.4 1 0
github.com/mishasvintus/avito_backend_internship/internal/service/pr_service.go:208.3,208.67 1 0
github.com/mishasvintus/avito_backend_internship/internal/service/pr_service.go:211.2,211.33 1 1
github.com/mishasvintus/avito_backend_internship/internal/service/pr_service.go:211.33,213.3 1 1
github.com/mishasvintus/avito_backend_internship/internal/service/pr_service.go:215.2,215.83 1 1
github.com/mishasvintus/avito_backend_internship/internal/service/pr_service.go:215.83,216.48 1 1
github.com/mishasvintus/avito_backend_internship/internal/service/pr_service.go:216.48,218.4 1 1
github.com/mishasvintus/avito_backend_internship/internal/service/pr_service.go:219.3,219.44 1 0
github.com/mishasvintus/avito_backend_internship/internal/service/pr_service.go:219.44,221.4 1 0
github.com/mishasvintus/avito_backend_internship/internal/service/pr_service.go:222.3,222.68 1 0
github.com/mishasvintus/avito_backend_internship/internal/service/pr_service.go:226.2,227.16 2 1
github.com/mishasvintus/avito_backend_internship/internal/service/pr_service.go:227.16,229.3 1 0
github.com/mishasvintus/avito_backend_internship/internal/service/pr_service.go:230.2,230.17 1 1
github.com/mishasvintus/avito_backend_internship/internal/service/pr_service.go:230.17,232.3 1 0
github.com/mishasvintus/avito_backend_internship/internal/service/pr_service.go:234.2,234.36 1 1
github.com/mishasvintus/avito_backend_internship/internal/service/pr_service.go:234.36,236.3 1 0
github.com/mishasvintus/avito_backend_internship/internal/service/pr_service.go:238.2,239.16 2 1
github.com/mishasvintus/avito_backend_internship/internal/service/pr_service.go:239.16,241.3 1 0
github.com/mishasvintus/avito_backend_internship/internal/service/pr_service.go:243.2,243.38 1 1
github.com/mishasvintus/avito_backend_internship/internal/service/reviewer_assigner.go:15.46,17.2 1 1
github.com/mishasvintus/avito_backend_internship/internal/service/reviewer_assigner.go:21.87,22.25 1 1
github.com/mishasvintus/avito_backend_internship/internal/service/reviewer_assigner.go:22.25,24.3 1 0
github.com/mishasvintus/avito_backend_internship/internal/service/reviewer_assigner.go:26.2,26.25 1 1
github.com/mishasvintus/avito_backend_internship/internal/service/reviewer_assigner.go:26.25,28.34 2 1
github.com/mishasvintus/avito_backend_internship/internal/service/reviewer_assigner.go:28.34,30.4 1 1
github.com/mishasvintus/avito_backend_internship/internal/service/reviewer_assigner.go:31.3,31.24 1 1
github.com/mishasvintus/avito_backend_internship/internal/service/reviewer_assigner.go:34.2,37.25 3 1
github.com/mishasvintus/avito_backend_internship/internal/service/reviewer_assigner.go:37.25,39.17 2 1
github.com/mishasvintus/avito_backend_internship/internal/service/reviewer_assigner.go:39.17,41.4 1 0
github.com/mishasvintus/avito_backend_internship/internal/service/reviewer_assigner.go:43.3,43.21 1 1
github.com/mishasvintus/avito_backend_internship/internal/service/reviewer_assigner.go:43.21,46.4 2 1
github.com/mishasvintus/avito_backend_internship/internal/service/reviewer_assigner.go:49.2,49.23 1 1
github.com/mishasvintus/avito_backend_internship/internal/service/reviewer_assigner.go:53.140,56.39 3 1
github.com/mishasvintus/avito_backend_internship/internal/service/reviewer_assigner.go:56.39,58.3 1 1
github.com/mishasvintus/avito_backend_internship/internal/service/reviewer_assigner.go:60.2,61.33 2 1
github.com/mishasvintus/avito_backend_internship/internal/service/reviewer_assigner.go:61.33,62.56 1 1
github.com/mishasvintus/avito_backend_internship/internal/service/reviewer_assigner.go:62.56,64.4 1 1
github.com/mishasvintus/avito_backend_internship/internal/service/reviewer_assigner.go:67.2,67.26 1 1
github.com/mishasvintus/avito_backend_internship/internal/service/reviewer_assigner.go:67.26,69.3 1 1
github.com/mishasvintus/avito_backend_internship/internal/service/reviewer_assigner.go:71.2,71.38 1 1
github.com/mishasvintus/avito_backend_internship/internal/service/reviewer_assigner.go:75.42,77.16 2 1
github.com/mishasvintus/avito_backend_internship/internal/service/reviewer_assigner.go:77.16,79.3 1 0
github.com/mishasvintus/avito_backend_internship/internal/service/reviewer_assigner.go:80.2,80.31 1 1
github.com/mishasvintus/avito_backend_internship/internal/service/stats_service.go:16.48,18.2 1 1
github.com/mishasvintus/avito_backend_internship/internal/service/stats_service.go:28.61,30.16 2 1
github.com/mishasvintus/avito_backend_internship/internal/service/stats_service.go:30.16,32.3 1 0
github.com/mishasvintus/avito_backend_internship/internal/service/stats_service.go:34.2,35.16 2 1
github.com/mishasvintus/avito_backend_internship/internal/service/stats_service.go:35.16,37.3 1 0
github.com/mishasvintus/avito_backend_internship/internal/service/stats_service.go:39.2,40.16 2 1
github.com/mishasvintus/avito_backend_internship/internal/service/stats_service.go:40.16,42.3 1 0
github.com/mishasvintus/avito_backend_internship/internal/service/stats_service.go:44.2,48.8 1 1
github.com/mishasvintus/avito_backend_internship/internal/service/team_service.go:20.68,22.2 1 1
github.com/mishasvintus/avito_backend_internship/internal/service/team_service.go:25.86,27.16 2 1
github.com/mishasvintus/avito_backend_internship/internal/service/team_service.go:27.16,29.3 1 0
github.com/mishasvintus/avito_backend_internship/internal/service/team_service.go:30.2,30.15 1 1
github.com/mishasvintus/avito_backend_internship/internal/service/team_service.go:30.15,30.36 1 1
github.com/mishasvintus/avito_backend_internship/internal/service/team_service.go:33.2,34.16 2 1
github.com/mishasvintus/avito_backend_internship/internal/service/team_service.go:34.16,36.3 1 0
github.com/mishasvintus/avito_backend_internship/internal/service/team_service.go:37.2,37.12 1 1
github.com/mishasvintus/avito_backend_internship/internal/service/team_service.go:37.12,39.3 1 1
github.com/mishasvintus/avito_backend_internship/internal/service/team_service.go:42.2,42.50 1 1
github.com/mishasvintus/avito_backend_internship/internal/service/team_service.go:42.50,44.3 1 0
github.com/mishasvintus/avito_backend_internship/internal/service/team_service.go:47.2,47.33 1 1
github.com/mishasvintus/avito_backend_internship/internal/service/team_service.go:47.33,57.41 3 1
github.com/mishasvintus/avito_backend_internship/internal/service/team_service.go:57.41,59.4 1 0
github.com/mishasvintus/avito_backend_internship/internal/service/team_service.go:61.3,61.26 1 1
github.com/mishasvintus/avito_backend_internship/internal/service/team_service.go:61.26,62.46 1 1
github.com/mishasvintus/avito_backend_internship/internal/service/team_service.go:62.46,64.5 1 0
github.com/mishasvintus/avito_backend_internship/internal/service/team_service.go:65.9,66.46 1 1
github.com/mishasvintus/avito_backend_internship/internal/service/team_service.go:66.46,68.5 1 0
github.com/mishasvintus/avito_backend_internship/internal/service/team_service.go:72.2,72.36 1 1
github.com/mishasvintus/avito_backend_internship/internal/service/team_service.go:72.36,74.3 1 0
github.com/mishasvintus/avito_backend_internship/internal/service/team_service.go:76.2,76.12 1 1
github.com/mishasvintus/avito_backend_internship/internal/service/team_service.go:80.70,82.16 2 1
github.com/mishasvintus/avito_backend_internship/internal/service/team_service.go:82.16,83.27 1 1
github.com/mishasvintus/avito_backend_internship/internal/service/team_service.go:83.27,85.4 1 1
github.com/mishasvintus/avito_backend_internship/internal/service/team_service.go:86.3,86.56 1 0
github.com/mishasvintus/avito_backend_internship/internal/service/team_service.go:88.2,88.15 1 1
github.com/mishasvintus/avito_backend_internship/internal/service/team_service.go:92.61,95.16 2 1
github.com/mishasvintus/avito_backend_internship/internal/service/team_service.go:95.16,96.27 1 1
github.com/mishasvintus/avito_backend_internship/internal/service/team_service.go:96.27,98.4 1 1
github.com/mishasvintus/avito_backend_internship/internal/service/team_service.go:99.3,99.53 1 0
github.com/mishasvintus/avito_backend_internship/internal/service/team_service.go:102.2,103.16 2 1
github.com/mishasvintus/avito_backend_internship/internal/service/team_service.go:103.16,105.3 1 0
github.com/mishasvintus/avito_backend_internship/internal/service/team_service.go:106.2,106.15 1 1
github.com/mishasvintus/avito_backend_internship/internal/service/team_service.go:106.15,106.36 1 1
github.com/mishasvintus/avito_backend_internship/internal/service/team_service.go:109.2,109.57 1 1
github.com/mishasvintus/avito_backend_internship/internal/service/team_service.go:109.57,111.3 1 0
github.com/mishasvintus/avito_backend_internship/internal/service/team_service.go:114.2,115.16 2 1
github.com/mishasvintus/avito_backend_internship/internal/service/team_service.go:115.16,117.3 1 0
github.com/mishasvintus/avito_backend_internship/internal/service/team_service.go:120.2,120.45 1 1
github.com/mishasvintus/avito_backend_internship/internal/service/team_service.go:120.45,121.42 1 1
github.com/mishasvintus/avito_backend_internship/internal/service/team_service.go:121.42,122.66 1 1
github.com/mishasvintus/avito_backend_internship/internal/service/team_service.go:122.66,124.5 1 0
github.com/mishasvintus/avito_backend_internship/internal/service/team_service.go:127.3,128.17 2 1
github.com/mishasvintus/avito_backend_internship/internal/service/team_service.go:128.17,130.4 1 0
github.com/mishasvintus/avito_backend_internship/internal/service/team_service.go:131.3,131.39 1 1
github.com/mishasvintus/avito_backend_internship/internal/service/team_service.go:131.39,132.12 1 1
github.com/mishasvintus/avito_backend_internship/internal/service/team_service.go:134.3,134.66 1 1
github.com/mishasvintus/avito_backend_internship/internal/service/team_service.go:134.66,136.4 1 0
github.com/mishasvintus/avito_backend_internship/internal/service/team_service.go:139.2,139.36 1 1
github.com/mishasvintus/avito_backend_internship/internal/service/team_service.go:139.36,141.3 1 0
github.com/mishasvintus/avito_backend_internship/internal/service/team_service.go:143.2,143.12 1 1
github.com/mishasvintus/avito_backend_internship/internal/service/user_service.go:18.46,20.2 1 1
github.com/mishasvintus/avito_backend_internship/internal/service/user_service.go:23.87,25.16 2 1
github.com/mishasvintus/avito_backend_internship/internal/service/user_service.go:25.16,26.27 1 1
github.com/mishasvintus/avito_backend_internship/internal/service/user_service.go:26.27,28.4 1 1
github.com/mishasvintus/avito_backend_internship/internal/service/user_service.go:29.3,29.66 1 0
github.com/mishasvintus/avito_backend_internship/internal/service/user_service.go:32.2,32.15 1 1
github.com/mishasvintus/avito_backend_internship/internal/service/user_service.go:36.88,38.16 2 1
github.com/mishasvintus/avito_backend_internship/internal/service/user_service.go:38.16,40.3 1 0
github.com/mishasvintus/avito_backend_internship/internal/service/user_service.go:42.2,42.17 1 1
